#
# A fatal error has been detected by the Java Runtime Environment:
#
#  Internal Error (0xeedfade), pid=2004, tid=3400
#
# JRE version: Java(TM) SE Runtime Environment (7.0_40-b43) (build 1.7.0_40-b43)
# Java VM: Java HotSpot(TM) Client VM (24.0-b56 mixed mode, sharing windows-x86 )
# Problematic frame:
# C  [KERNELBASE.dll+0xc41f]
#
# Failed to write core dump. Minidumps are not enabled by default on client versions of Windows
#
# If you would like to submit a bug report, please visit:
#   http://bugreport.sun.com/bugreport/crash.jsp
# The crash happened outside the Java Virtual Machine in native code.
# See problematic frame for where to report the bug.
#

---------------  T H R E A D  ---------------

Current thread (0x0217b800):  JavaThread "main" [_thread_in_native, id=3400, stack(0x022f0000,0x02340000)]

siginfo: ExceptionCode=0xeedfade, ExceptionInformation=0x04cce4cc 0x04d42c30 0x0000000a 0x00000100 0x00000000 0x0233f6a8 0x0233f678 

Registers:
EAX=0x0233f5f4, EBX=0x0000000a, ECX=0x00000007, EDX=0x00000000
ESP=0x0233f5f4, EBP=0x0233f644, ESI=0x00000100, EDI=0x00000000
EIP=0x761ec41f, EFLAGS=0x00000212

Top of Stack: (sp=0x0233f5f4)
0x0233f5f4:   0eedfade 00000001 00000000 761ec41f
0x0233f604:   00000007 04cce4cc 04d42c30 0000000a
0x0233f614:   00000100 00000000 0233f6a8 0233f678
0x0233f624:   0233f648 04cc3557 0233f640 04d42c30
0x0233f634:   04d42bf4 00000001 04d42c30 0233f668
0x0233f644:   0233f6a8 04cce4cc 0eedfade 00000001
0x0233f654:   00000007 0233f65c 04cce4cc 04d42c30
0x0233f664:   0000000a 00000100 00000000 0233f6a8 

Instructions: (pc=0x761ec41f)
0x761ec3ff:   02 50 ff 75 14 8d 45 c4 50 e8 15 ad 02 00 83 c4
0x761ec40f:   0c eb 03 89 45 c0 8d 45 b0 50 ff 15 5c 11 1e 76
0x761ec41f:   c9 c2 10 00 cc cc cc cc cc 8b ff 55 8b ec 56 8b
0x761ec42f:   75 08 83 fe f4 72 18 83 fe f6 77 13 8d 45 08 50 


Register to memory mapping:

EAX=0x0233f5f4 is pointing into the stack for thread: 0x0217b800
EBX=0x0000000a is an unknown value
ECX=0x00000007 is an unknown value
EDX=0x00000000 is an unknown value
ESP=0x0233f5f4 is pointing into the stack for thread: 0x0217b800
EBP=0x0233f644 is pointing into the stack for thread: 0x0217b800
ESI=0x00000100 is an unknown value
EDI=0x00000000 is an unknown value


Stack: [0x022f0000,0x02340000],  sp=0x0233f5f4,  free space=317k
Native frames: (J=compiled Java code, j=interpreted, Vv=VM code, C=native code)
C  [KERNELBASE.dll+0xc41f]
C  [JCustomOpc.dll+0xe4cc]
C  [JCustomOpc.dll+0xe8b7]
C  [JCustomOpc.dll+0x12463]
C  [JCustomOpc.dll+0x13659]
C  [JCustomOpc.dll+0x63139]
C  [JCustomOpc.dll+0x658ab]
j  javafish.clients.opc.browser.JOpcBrowser.getOpcItemsNative(Ljava/lang/String;Z)[Ljava/lang/String;+0
j  javafish.clients.opc.browser.JOpcBrowser.getOpcItems(Ljava/lang/String;Z)[Ljava/lang/String;+3
j  cuki.bin.OpcConn.getIten(Ljava/lang/String;)[Ljava/lang/String;+8
j  cuki.bin.OpcConn._getAllBranches(Ljava/util/ArrayList;[Ljava/lang/String;Ljava/lang/String;)[[Ljava/lang/String;+287
j  cuki.bin.OpcConn._getAllBranches(Ljava/util/ArrayList;[Ljava/lang/String;Ljava/lang/String;)[[Ljava/lang/String;+63
j  cuki.bin.OpcConn.getAllBranches()[[Ljava/lang/String;+7
j  cuki.Teste.main([Ljava/lang/String;)V+31
v  ~StubRoutines::call_stub
V  [jvm.dll+0x13ee1a]
V  [jvm.dll+0x20283e]
V  [jvm.dll+0x13ee9d]
V  [jvm.dll+0xc96e5]
V  [jvm.dll+0xd4387]
C  [javaw.exe+0x2070]
C  [javaw.exe+0xa5b1]
C  [javaw.exe+0xa63b]
C  [kernel32.dll+0x13677]
C  [ntdll.dll+0x39f42]
C  [ntdll.dll+0x39f15]

Java frames: (J=compiled Java code, j=interpreted, Vv=VM code)
j  javafish.clients.opc.browser.JOpcBrowser.getOpcItemsNative(Ljava/lang/String;Z)[Ljava/lang/String;+0
j  javafish.clients.opc.browser.JOpcBrowser.getOpcItems(Ljava/lang/String;Z)[Ljava/lang/String;+3
j  cuki.bin.OpcConn.getIten(Ljava/lang/String;)[Ljava/lang/String;+8
j  cuki.bin.OpcConn._getAllBranches(Ljava/util/ArrayList;[Ljava/lang/String;Ljava/lang/String;)[[Ljava/lang/String;+287
j  cuki.bin.OpcConn._getAllBranches(Ljava/util/ArrayList;[Ljava/lang/String;Ljava/lang/String;)[[Ljava/lang/String;+63
j  cuki.bin.OpcConn.getAllBranches()[[Ljava/lang/String;+7
j  cuki.Teste.main([Ljava/lang/String;)V+31
v  ~StubRoutines::call_stub

---------------  P R O C E S S  ---------------

Java Threads: ( => current thread )
  0x020f8c00 JavaThread "Service Thread" daemon [_thread_blocked, id=1752, stack(0x04960000,0x049b0000)]
  0x020f4000 JavaThread "C1 CompilerThread0" daemon [_thread_blocked, id=1352, stack(0x04860000,0x048b0000)]
  0x020f2c00 JavaThread "Attach Listener" daemon [_thread_blocked, id=2240, stack(0x04650000,0x046a0000)]
  0x020ef800 JavaThread "Signal Dispatcher" daemon [_thread_blocked, id=1600, stack(0x04750000,0x047a0000)]
  0x0207f000 JavaThread "Finalizer" daemon [_thread_blocked, id=3348, stack(0x047c0000,0x04810000)]
  0x0207d800 JavaThread "Reference Handler" daemon [_thread_blocked, id=2740, stack(0x02280000,0x022d0000)]
=>0x0217b800 JavaThread "main" [_thread_in_native, id=3400, stack(0x022f0000,0x02340000)]

Other Threads:
  0x0207b400 VMThread [stack: 0x04420000,0x04470000] [id=2096]
  0x02116000 WatcherThread [stack: 0x04a00000,0x04a50000] [id=172]

VM state:not at safepoint (normal execution)

VM Mutex/Monitor currently owned by a thread: None

Heap
 def new generation   total 4928K, used 2691K [0x24200000, 0x24750000, 0x29750000)
  eden space 4416K,  60% used [0x24200000, 0x244a0dd0, 0x24650000)
  from space 512K,   0% used [0x24650000, 0x24650000, 0x246d0000)
  to   space 512K,   0% used [0x246d0000, 0x246d0000, 0x24750000)
 tenured generation   total 10944K, used 0K [0x29750000, 0x2a200000, 0x34200000)
   the space 10944K,   0% used [0x29750000, 0x29750000, 0x29750200, 0x2a200000)
 compacting perm gen  total 12288K, used 750K [0x34200000, 0x34e00000, 0x38200000)
   the space 12288K,   6% used [0x34200000, 0x342bba20, 0x342bbc00, 0x34e00000)
    ro space 10240K,  41% used [0x38200000, 0x386316b0, 0x38631800, 0x38c00000)
    rw space 12288K,  52% used [0x38c00000, 0x392459f0, 0x39245a00, 0x39800000)

Card table byte_map: [0x04340000,0x043f0000] byte_map_base: 0x0421f000

Polling page: 0x00160000

Code Cache  [0x02340000, 0x023f0000, 0x04340000)
 total_blobs=199 nmethods=51 adapters=85 free_code_cache=32078Kb largest_free_block=32848704

Compilation events (10 events):
Event: 0.110 Thread 0x020f4000   47             java.lang.Class$MethodArray::addIfNotPresent (47 bytes)
Event: 0.110 Thread 0x020f4000 nmethod 47 0x023e9548 code [0x023e9660, 0x023e9788]
Event: 0.110 Thread 0x020f4000   48             java.lang.reflect.Method::equals (107 bytes)
Event: 0.110 Thread 0x020f4000 nmethod 48 0x023e98c8 code [0x023e99d0, 0x023e9b80]
Event: 0.111 Thread 0x020f4000   49   !         sun.misc.URLClassPath$JarLoader::getResource (91 bytes)
Event: 0.111 Thread 0x020f4000 nmethod 49 0x023e9d08 code [0x023e9ec0, 0x023ea41c]
Event: 0.485 Thread 0x020f4000   50             java.util.Properties$LineReader::readLine (452 bytes)
Event: 0.487 Thread 0x020f4000 nmethod 50 0x023ea988 code [0x023eab20, 0x023eb32c]
Event: 0.487 Thread 0x020f4000   51             java.util.Properties::loadConvert (505 bytes)
Event: 0.488 Thread 0x020f4000 nmethod 51 0x023eba48 code [0x023ebb90, 0x023ebfb8]

GC Heap History (0 events):
No events

Deoptimization events (0 events):
No events

Internal exceptions (10 events):
Event: 0.110 Thread 0x0217b800 Threw 0x2446c5d0 at C:\jdk7u2_32P\jdk7u40\hotspot\src\share\vm\classfile\systemDictionary.cpp:185
Event: 0.111 Thread 0x0217b800 Threw 0x244743d8 at C:\jdk7u2_32P\jdk7u40\hotspot\src\share\vm\prims\jvm.cpp:1244
Event: 0.482 Thread 0x0217b800 Threw 0x2447a718 at C:\jdk7u2_32P\jdk7u40\hotspot\src\share\vm\prims\jni.cpp:743
Event: 0.482 Thread 0x0217b800 Threw 0x2447acc0 at C:\jdk7u2_32P\jdk7u40\hotspot\src\share\vm\prims\jvm.cpp:1244
Event: 0.484 Thread 0x0217b800 Threw 0x244855a0 at C:\jdk7u2_32P\jdk7u40\hotspot\src\share\vm\prims\jvm.cpp:1244
Event: 0.484 Thread 0x0217b800 Threw 0x24486ef8 at C:\jdk7u2_32P\jdk7u40\hotspot\src\share\vm\prims\jvm.cpp:1244
Event: 0.485 Thread 0x0217b800 Threw 0x24488e18 at C:\jdk7u2_32P\jdk7u40\hotspot\src\share\vm\prims\jvm.cpp:1244
Event: 0.485 Thread 0x0217b800 Threw 0x2448a820 at C:\jdk7u2_32P\jdk7u40\hotspot\src\share\vm\prims\jvm.cpp:1244
Event: 2.595 Thread 0x0217b800 Threw 0x24496310 at C:\jdk7u2_32P\jdk7u40\hotspot\src\share\vm\prims\jni.cpp:743
Event: 4.702 Thread 0x0217b800 Threw 0x24498870 at C:\jdk7u2_32P\jdk7u40\hotspot\src\share\vm\prims\jni.cpp:743

Events (10 events):
Event: 0.111 loading class 0x04b1a6a8
Event: 0.111 loading class 0x04b1a6a8 done
Event: 0.482 loading class 0x020645e0
Event: 0.482 loading class 0x020645e0 done
Event: 0.484 loading class 0x04b4fe70
Event: 0.484 loading class 0x04b4fe70 done
Event: 0.485 loading class 0x04b4fea8
Event: 0.485 loading class 0x04b4fea8 done
Event: 4.143 Executing VM operation: EnableBiasedLocking
Event: 4.143 Executing VM operation: EnableBiasedLocking done


Dynamic libraries:
0x000f0000 - 0x0011f000 	C:\Program Files (x86)\Java\jre7\bin\javaw.exe
0x77970000 - 0x77af0000 	C:\Windows\SysWOW64\ntdll.dll
0x77390000 - 0x774a0000 	C:\Windows\syswow64\kernel32.dll
0x761e0000 - 0x76227000 	C:\Windows\syswow64\KERNELBASE.dll
0x75b50000 - 0x75bf0000 	C:\Windows\syswow64\ADVAPI32.dll
0x759f0000 - 0x75a9c000 	C:\Windows\syswow64\msvcrt.dll
0x76100000 - 0x76119000 	C:\Windows\SysWOW64\sechost.dll
0x75710000 - 0x75800000 	C:\Windows\syswow64\RPCRT4.dll
0x754d0000 - 0x75530000 	C:\Windows\syswow64\SspiCli.dll
0x754c0000 - 0x754cc000 	C:\Windows\syswow64\CRYPTBASE.dll
0x77280000 - 0x77380000 	C:\Windows\syswow64\USER32.dll
0x75c00000 - 0x75c90000 	C:\Windows\syswow64\GDI32.dll
0x77380000 - 0x7738a000 	C:\Windows\syswow64\LPK.dll
0x774d0000 - 0x7756e000 	C:\Windows\syswow64\USP10.dll
0x72100000 - 0x7229e000 	C:\Windows\WinSxS\x86_microsoft.windows.common-controls_6595b64144ccf1df_6.0.7600.16661_none_420fe3fa2b8113bd\COMCTL32.dll
0x75aa0000 - 0x75af7000 	C:\Windows\syswow64\SHLWAPI.dll
0x75940000 - 0x759a0000 	C:\Windows\system32\IMM32.DLL
0x76430000 - 0x764fc000 	C:\Windows\syswow64\MSCTF.dll
0x68170000 - 0x6822e000 	C:\Program Files (x86)\Java\jre7\bin\msvcr100.dll
0x674a0000 - 0x67820000 	C:\Program Files (x86)\Java\jre7\bin\client\jvm.dll
0x72560000 - 0x72567000 	C:\Windows\system32\WSOCK32.dll
0x75b10000 - 0x75b45000 	C:\Windows\syswow64\WS2_32.dll
0x75bf0000 - 0x75bf6000 	C:\Windows\syswow64\NSI.dll
0x728b0000 - 0x728e2000 	C:\Windows\system32\WINMM.dll
0x75b00000 - 0x75b05000 	C:\Windows\syswow64\PSAPI.DLL
0x6fa50000 - 0x6fa5c000 	C:\Program Files (x86)\Java\jre7\bin\verify.dll
0x6e7d0000 - 0x6e7f0000 	C:\Program Files (x86)\Java\jre7\bin\java.dll
0x6e1e0000 - 0x6e1f3000 	C:\Program Files (x86)\Java\jre7\bin\zip.dll
0x04cc0000 - 0x04d3c000 	C:\Users\cuki\Desktop\Workspace\Pivo\lib\JCustomOpc.dll
0x76120000 - 0x761af000 	C:\Windows\syswow64\oleaut32.dll
0x75fa0000 - 0x760fc000 	C:\Windows\syswow64\ole32.dll
0x753f0000 - 0x753f9000 	C:\Windows\system32\version.dll
0x685e0000 - 0x685f4000 	C:\Program Files (x86)\Java\jre7\bin\net.dll
0x72ef0000 - 0x72f2c000 	C:\Windows\system32\mswsock.dll
0x73ed0000 - 0x73ed6000 	C:\Windows\System32\wship6.dll
0x6f140000 - 0x6f14f000 	C:\Program Files (x86)\Java\jre7\bin\nio.dll
0x771d0000 - 0x77253000 	C:\Windows\syswow64\CLBCatQ.DLL
0x73040000 - 0x73056000 	C:\Windows\system32\CRYPTSP.dll
0x73000000 - 0x7303b000 	C:\Windows\system32\rsaenh.dll
0x72ff0000 - 0x72ffe000 	C:\Windows\system32\RpcRtRemote.dll
0x10000000 - 0x1001a000 	C:\Windows\SysWOW64\opcproxy.dll
0x74a30000 - 0x74b1b000 	C:\Windows\system32\dbghelp.dll

VM Arguments:
jvm_args: -Dfile.encoding=Cp1252 
java_command: cuki.Teste
Launcher Type: SUN_STANDARD

Environment Variables:
PATH=C:\Windows\system32;C:\Windows;C:\Windows\System32\Wbem;C:\Windows\System32\WindowsPowerShell\v1.0\;C:\PICC
USERNAME=cuki
OS=Windows_NT
PROCESSOR_IDENTIFIER=Intel64 Family 6 Model 42 Stepping 7, GenuineIntel



---------------  S Y S T E M  ---------------

OS: Windows 7 , 64 bit Build 7600 

CPU:total 4 (4 cores per cpu, 1 threads per core) family 6 model 42 stepping 7, cmov, cx8, fxsr, mmx, sse, sse2, sse3, ssse3, sse4.1, sse4.2, popcnt, aes, tsc, tscinvbit

Memory: 4k page, physical 4080448k(1948740k free), swap 8158988k(6064500k free)

vm_info: Java HotSpot(TM) Client VM (24.0-b56) for windows-x86 JRE (1.7.0_40-b43), built on Aug 26 2013 22:34:40 by "java_re" with unknown MS VC++:1600

time: Mon Oct 14 12:10:40 2013
elapsed time: 6 seconds

