#
# A fatal error has been detected by the Java Runtime Environment:
#
#  Internal Error (0xeedfade), pid=3184, tid=2196
#
# JRE version: Java(TM) SE Runtime Environment (7.0_40-b43) (build 1.7.0_40-b43)
# Java VM: Java HotSpot(TM) Client VM (24.0-b56 mixed mode windows-x86 )
# Problematic frame:
# C  [KERNELBASE.dll+0xc41f]
#
# Failed to write core dump. Minidumps are not enabled by default on client versions of Windows
#
# If you would like to submit a bug report, please visit:
#   http://bugreport.sun.com/bugreport/crash.jsp
# The crash happened outside the Java Virtual Machine in native code.
# See problematic frame for where to report the bug.
#

---------------  T H R E A D  ---------------

Current thread (0x00cdc400):  JavaThread "main" [_thread_in_native, id=2196, stack(0x00d60000,0x00db0000)]

siginfo: ExceptionCode=0xeedfade, ExceptionInformation=0x1930e4cc 0x19382c30 0x0000000a 0x00000100 0x00000000 0x00daf698 0x00daf668 

Registers:
EAX=0x00daf5e4, EBX=0x0000000a, ECX=0x00000007, EDX=0x00000000
ESP=0x00daf5e4, EBP=0x00daf634, ESI=0x00000100, EDI=0x00000000
EIP=0x766dc41f, EFLAGS=0x00000216

Top of Stack: (sp=0x00daf5e4)
0x00daf5e4:   0eedfade 00000001 00000000 766dc41f
0x00daf5f4:   00000007 1930e4cc 19382c30 0000000a
0x00daf604:   00000100 00000000 00daf698 00daf668
0x00daf614:   00daf638 19303557 00daf630 19382c30
0x00daf624:   19382bf4 00000001 19382c30 00daf658
0x00daf634:   00daf698 1930e4cc 0eedfade 00000001
0x00daf644:   00000007 00daf64c 1930e4cc 19382c30
0x00daf654:   0000000a 00000100 00000000 00daf698 

Instructions: (pc=0x766dc41f)
0x766dc3ff:   02 50 ff 75 14 8d 45 c4 50 e8 15 ad 02 00 83 c4
0x766dc40f:   0c eb 03 89 45 c0 8d 45 b0 50 ff 15 5c 11 6d 76
0x766dc41f:   c9 c2 10 00 cc cc cc cc cc 8b ff 55 8b ec 56 8b
0x766dc42f:   75 08 83 fe f4 72 18 83 fe f6 77 13 8d 45 08 50 


Register to memory mapping:

EAX=0x00daf5e4 is pointing into the stack for thread: 0x00cdc400
EBX=0x0000000a is an unknown value
ECX=0x00000007 is an unknown value
EDX=0x00000000 is an unknown value
ESP=0x00daf5e4 is pointing into the stack for thread: 0x00cdc400
EBP=0x00daf634 is pointing into the stack for thread: 0x00cdc400
ESI=0x00000100 is an unknown value
EDI=0x00000000 is an unknown value


Stack: [0x00d60000,0x00db0000],  sp=0x00daf5e4,  free space=317k
Native frames: (J=compiled Java code, j=interpreted, Vv=VM code, C=native code)
C  [KERNELBASE.dll+0xc41f]
C  [JCustomOpc.dll+0xe4cc]
C  [JCustomOpc.dll+0xe8b7]
C  [JCustomOpc.dll+0x12463]
C  [JCustomOpc.dll+0x13659]
C  [JCustomOpc.dll+0x63139]
C  [JCustomOpc.dll+0x658ab]
j  javafish.clients.opc.browser.JOpcBrowser.getOpcItemsNative(Ljava/lang/String;Z)[Ljava/lang/String;+0
j  javafish.clients.opc.browser.JOpcBrowser.getOpcItems(Ljava/lang/String;Z)[Ljava/lang/String;+3
j  cuki.bin.OpcConn.getIten(Ljava/lang/String;)[Ljava/lang/String;+8
j  cuki.bin.OpcConn._getAllBranches(Ljava/util/ArrayList;[Ljava/lang/String;Ljava/lang/String;)[[Ljava/lang/String;+287
j  cuki.bin.OpcConn._getAllBranches(Ljava/util/ArrayList;[Ljava/lang/String;Ljava/lang/String;)[[Ljava/lang/String;+63
j  cuki.bin.OpcConn.getAllBranches()[[Ljava/lang/String;+7
j  cuki.Teste.main([Ljava/lang/String;)V+31
v  ~StubRoutines::call_stub
V  [jvm.dll+0x13ee1a]
V  [jvm.dll+0x20283e]
V  [jvm.dll+0x13ee9d]
V  [jvm.dll+0xc96e5]
V  [jvm.dll+0xd4387]
C  [javaw.exe+0x2070]
C  [javaw.exe+0xa5b1]
C  [javaw.exe+0xa63b]
C  [kernel32.dll+0x13677]
C  [ntdll.dll+0x39f42]
C  [ntdll.dll+0x39f15]

Java frames: (J=compiled Java code, j=interpreted, Vv=VM code)
j  javafish.clients.opc.browser.JOpcBrowser.getOpcItemsNative(Ljava/lang/String;Z)[Ljava/lang/String;+0
j  javafish.clients.opc.browser.JOpcBrowser.getOpcItems(Ljava/lang/String;Z)[Ljava/lang/String;+3
j  cuki.bin.OpcConn.getIten(Ljava/lang/String;)[Ljava/lang/String;+8
j  cuki.bin.OpcConn._getAllBranches(Ljava/util/ArrayList;[Ljava/lang/String;Ljava/lang/String;)[[Ljava/lang/String;+287
j  cuki.bin.OpcConn._getAllBranches(Ljava/util/ArrayList;[Ljava/lang/String;Ljava/lang/String;)[[Ljava/lang/String;+63
j  cuki.bin.OpcConn.getAllBranches()[[Ljava/lang/String;+7
j  cuki.Teste.main([Ljava/lang/String;)V+31
v  ~StubRoutines::call_stub

---------------  P R O C E S S  ---------------

Java Threads: ( => current thread )
  0x1844a800 JavaThread "Service Thread" daemon [_thread_blocked, id=2928, stack(0x19210000,0x19260000)]
  0x18448000 JavaThread "C1 CompilerThread0" daemon [_thread_blocked, id=1196, stack(0x192b0000,0x19300000)]
  0x18438000 JavaThread "JDWP Command Reader" daemon [_thread_in_native, id=2972, stack(0x18830000,0x18880000)]
  0x18436c00 JavaThread "JDWP Event Helper Thread" daemon [_thread_blocked, id=2604, stack(0x190f0000,0x19140000)]
  0x18433000 JavaThread "JDWP Transport Listener: dt_socket" daemon [_thread_blocked, id=2652, stack(0x18f40000,0x18f90000)]
  0x18426000 JavaThread "Attach Listener" daemon [_thread_blocked, id=1480, stack(0x18970000,0x189c0000)]
  0x18422c00 JavaThread "Signal Dispatcher" daemon [_thread_blocked, id=2276, stack(0x188e0000,0x18930000)]
  0x183f5800 JavaThread "Finalizer" daemon [_thread_blocked, id=1932, stack(0x00f00000,0x00f50000)]
  0x183f0800 JavaThread "Reference Handler" daemon [_thread_blocked, id=2408, stack(0x18720000,0x18770000)]
=>0x00cdc400 JavaThread "main" [_thread_in_native, id=2196, stack(0x00d60000,0x00db0000)]

Other Threads:
  0x183eec00 VMThread [stack: 0x186b0000,0x18700000] [id=2168]
  0x18465800 WatcherThread [stack: 0x18890000,0x188e0000] [id=2956]

VM state:not at safepoint (normal execution)

VM Mutex/Monitor currently owned by a thread: None

Heap
 def new generation   total 4928K, used 2966K [0x043e0000, 0x04930000, 0x09930000)
  eden space 4416K,  67% used [0x043e0000, 0x046c5be0, 0x04830000)
  from space 512K,   0% used [0x04830000, 0x04830000, 0x048b0000)
  to   space 512K,   0% used [0x048b0000, 0x048b0000, 0x04930000)
 tenured generation   total 10944K, used 0K [0x09930000, 0x0a3e0000, 0x143e0000)
   the space 10944K,   0% used [0x09930000, 0x09930000, 0x09930200, 0x0a3e0000)
 compacting perm gen  total 12288K, used 2801K [0x143e0000, 0x14fe0000, 0x183e0000)
   the space 12288K,  22% used [0x143e0000, 0x1469c6f0, 0x1469c800, 0x14fe0000)
No shared spaces configured.

Card table byte_map: [0x00db0000,0x00e60000] byte_map_base: 0x00d8e100

Polling page: 0x00130000

Code Cache  [0x023e0000, 0x02490000, 0x043e0000)
 total_blobs=191 nmethods=51 adapters=85 free_code_cache=32065Kb largest_free_block=32835136

Compilation events (10 events):
Event: 1.585 Thread 0x18448000   47             java.lang.Class$MethodArray::addIfNotPresent (47 bytes)
Event: 1.585 Thread 0x18448000 nmethod 47 0x0248c7c8 code [0x0248c8e0, 0x0248ca18]
Event: 1.585 Thread 0x18448000   48             java.lang.reflect.Method::equals (107 bytes)
Event: 1.585 Thread 0x18448000 nmethod 48 0x0248cb88 code [0x0248cc90, 0x0248ce50]
Event: 1.586 Thread 0x18448000   49   !         sun.misc.URLClassPath$JarLoader::getResource (91 bytes)
Event: 1.587 Thread 0x18448000 nmethod 49 0x0248d008 code [0x0248d1d0, 0x0248d70c]
Event: 4.802 Thread 0x18448000   50             java.util.Properties$LineReader::readLine (452 bytes)
Event: 4.804 Thread 0x18448000 nmethod 50 0x0248dd08 code [0x0248dea0, 0x0248e6ac]
Event: 4.804 Thread 0x18448000   51             java.util.Properties::loadConvert (505 bytes)
Event: 4.805 Thread 0x18448000 nmethod 51 0x0248ee48 code [0x0248ef90, 0x0248f418]

GC Heap History (0 events):
No events

Deoptimization events (0 events):
No events

Internal exceptions (10 events):
Event: 1.584 Thread 0x00cdc400 Threw 0x046969a8 at C:\jdk7u2_32P\jdk7u40\hotspot\src\share\vm\classfile\systemDictionary.cpp:185
Event: 1.586 Thread 0x00cdc400 Threw 0x0469e7c0 at C:\jdk7u2_32P\jdk7u40\hotspot\src\share\vm\prims\jvm.cpp:1244
Event: 4.781 Thread 0x00cdc400 Threw 0x046a4bb0 at C:\jdk7u2_32P\jdk7u40\hotspot\src\share\vm\prims\jni.cpp:743
Event: 4.781 Thread 0x00cdc400 Threw 0x046a5158 at C:\jdk7u2_32P\jdk7u40\hotspot\src\share\vm\prims\jvm.cpp:1244
Event: 4.784 Thread 0x00cdc400 Threw 0x046afa78 at C:\jdk7u2_32P\jdk7u40\hotspot\src\share\vm\prims\jvm.cpp:1244
Event: 4.784 Thread 0x00cdc400 Threw 0x046b13d0 at C:\jdk7u2_32P\jdk7u40\hotspot\src\share\vm\prims\jvm.cpp:1244
Event: 4.785 Thread 0x00cdc400 Threw 0x046b33c8 at C:\jdk7u2_32P\jdk7u40\hotspot\src\share\vm\prims\jvm.cpp:1244
Event: 4.785 Thread 0x00cdc400 Threw 0x046b4dd0 at C:\jdk7u2_32P\jdk7u40\hotspot\src\share\vm\prims\jvm.cpp:1244
Event: 6.963 Thread 0x00cdc400 Threw 0x046c08f8 at C:\jdk7u2_32P\jdk7u40\hotspot\src\share\vm\prims\jni.cpp:743
Event: 9.071 Thread 0x00cdc400 Threw 0x046c2e58 at C:\jdk7u2_32P\jdk7u40\hotspot\src\share\vm\prims\jni.cpp:743

Events (10 events):
Event: 4.781 loading class 0x184853a8
Event: 4.781 loading class 0x184853a8 done
Event: 4.784 loading class 0x1856a3d0
Event: 4.784 loading class 0x1856a3d0 done
Event: 4.784 loading class 0x18494998
Event: 4.785 loading class 0x18494998 done
Event: 4.785 loading class 0x184fec38
Event: 4.785 loading class 0x184fec38 done
Event: 4.801 loading class 0x18494940
Event: 4.801 loading class 0x18494940 done


Dynamic libraries:
0x00fb0000 - 0x00fdf000 	C:\Program Files (x86)\Java\jre7\bin\javaw.exe
0x77a30000 - 0x77bb0000 	C:\Windows\SysWOW64\ntdll.dll
0x773f0000 - 0x77500000 	C:\Windows\syswow64\kernel32.dll
0x766d0000 - 0x76717000 	C:\Windows\syswow64\KERNELBASE.dll
0x77590000 - 0x77630000 	C:\Windows\syswow64\ADVAPI32.dll
0x76720000 - 0x767cc000 	C:\Windows\syswow64\msvcrt.dll
0x76eb0000 - 0x76ec9000 	C:\Windows\SysWOW64\sechost.dll
0x76ed0000 - 0x76fc0000 	C:\Windows\syswow64\RPCRT4.dll
0x75590000 - 0x755f0000 	C:\Windows\syswow64\SspiCli.dll
0x75580000 - 0x7558c000 	C:\Windows\syswow64\CRYPTBASE.dll
0x76c80000 - 0x76d80000 	C:\Windows\syswow64\USER32.dll
0x77500000 - 0x77590000 	C:\Windows\syswow64\GDI32.dll
0x75650000 - 0x7565a000 	C:\Windows\syswow64\LPK.dll
0x77180000 - 0x7721e000 	C:\Windows\syswow64\USP10.dll
0x71510000 - 0x716ae000 	C:\Windows\WinSxS\x86_microsoft.windows.common-controls_6595b64144ccf1df_6.0.7600.16661_none_420fe3fa2b8113bd\COMCTL32.dll
0x755f0000 - 0x75647000 	C:\Windows\syswow64\SHLWAPI.dll
0x765e0000 - 0x76640000 	C:\Windows\system32\IMM32.DLL
0x767d0000 - 0x7689c000 	C:\Windows\syswow64\MSCTF.dll
0x739f0000 - 0x73aae000 	C:\Program Files (x86)\Java\jre7\bin\msvcr100.dll
0x71ac0000 - 0x71e40000 	C:\Program Files (x86)\Java\jre7\bin\client\jvm.dll
0x72e30000 - 0x72e37000 	C:\Windows\system32\WSOCK32.dll
0x76570000 - 0x765a5000 	C:\Windows\syswow64\WS2_32.dll
0x768a0000 - 0x768a6000 	C:\Windows\syswow64\NSI.dll
0x72920000 - 0x72952000 	C:\Windows\system32\WINMM.dll
0x76d80000 - 0x76d85000 	C:\Windows\syswow64\PSAPI.DLL
0x742a0000 - 0x742ac000 	C:\Program Files (x86)\Java\jre7\bin\verify.dll
0x73ce0000 - 0x73d00000 	C:\Program Files (x86)\Java\jre7\bin\java.dll
0x73cb0000 - 0x73cda000 	C:\Program Files (x86)\Java\jre7\bin\jdwp.dll
0x749b0000 - 0x749b7000 	C:\Program Files (x86)\Java\jre7\bin\npt.dll
0x73c90000 - 0x73ca3000 	C:\Program Files (x86)\Java\jre7\bin\zip.dll
0x74290000 - 0x74298000 	C:\Program Files (x86)\Java\jre7\bin\dt_socket.dll
0x72ff0000 - 0x73000000 	C:\Windows\system32\NLAapi.dll
0x72fb0000 - 0x72fec000 	C:\Windows\System32\mswsock.dll
0x72f60000 - 0x72fa4000 	C:\Windows\system32\DNSAPI.dll
0x72f50000 - 0x72f58000 	C:\Windows\System32\winrnr.dll
0x72f40000 - 0x72f50000 	C:\Windows\system32\napinsp.dll
0x72f20000 - 0x72f32000 	C:\Windows\system32\pnrpnsp.dll
0x72f00000 - 0x72f1c000 	C:\Windows\system32\IPHLPAPI.DLL
0x72ef0000 - 0x72ef7000 	C:\Windows\system32\WINNSI.DLL
0x72ea0000 - 0x72ed8000 	C:\Windows\System32\fwpuclnt.dll
0x72e90000 - 0x72e96000 	C:\Windows\system32\rasadhlp.dll
0x72e80000 - 0x72e85000 	C:\Windows\System32\wshtcpip.dll
0x19300000 - 0x1937c000 	C:\Users\cuki\Desktop\Workspace\Pivo\lib\JCustomOpc.dll
0x76640000 - 0x766cf000 	C:\Windows\syswow64\oleaut32.dll
0x76aa0000 - 0x76bfc000 	C:\Windows\syswow64\ole32.dll
0x754b0000 - 0x754b9000 	C:\Windows\system32\version.dll
0x73c70000 - 0x73c84000 	C:\Program Files (x86)\Java\jre7\bin\net.dll
0x74000000 - 0x74006000 	C:\Windows\System32\wship6.dll
0x73c60000 - 0x73c6f000 	C:\Program Files (x86)\Java\jre7\bin\nio.dll
0x768b0000 - 0x76933000 	C:\Windows\syswow64\CLBCatQ.DLL
0x730f0000 - 0x73106000 	C:\Windows\system32\CRYPTSP.dll
0x730b0000 - 0x730eb000 	C:\Windows\system32\rsaenh.dll
0x752a0000 - 0x752ae000 	C:\Windows\system32\RpcRtRemote.dll
0x00ce0000 - 0x00cfa000 	C:\Windows\SysWOW64\opcproxy.dll
0x71410000 - 0x714fb000 	C:\Windows\system32\dbghelp.dll

VM Arguments:
jvm_args: -agentlib:jdwp=transport=dt_socket,suspend=y,address=localhost:49316 -Dfile.encoding=Cp1252 
java_command: cuki.Teste
Launcher Type: SUN_STANDARD

Environment Variables:
PATH=C:\Windows\system32;C:\Windows;C:\Windows\System32\Wbem;C:\Windows\System32\WindowsPowerShell\v1.0\;C:\PICC
USERNAME=cuki
OS=Windows_NT
PROCESSOR_IDENTIFIER=Intel64 Family 6 Model 42 Stepping 7, GenuineIntel



---------------  S Y S T E M  ---------------

OS: Windows 7 , 64 bit Build 7600 

CPU:total 4 (4 cores per cpu, 1 threads per core) family 6 model 42 stepping 7, cmov, cx8, fxsr, mmx, sse, sse2, sse3, ssse3, sse4.1, sse4.2, popcnt, aes, tsc, tscinvbit

Memory: 4k page, physical 4080448k(2649436k free), swap 8158988k(6660920k free)

vm_info: Java HotSpot(TM) Client VM (24.0-b56) for windows-x86 JRE (1.7.0_40-b43), built on Aug 26 2013 22:34:40 by "java_re" with unknown MS VC++:1600

time: Mon Oct 14 14:20:02 2013
elapsed time: 11 seconds

