#
# A fatal error has been detected by the Java Runtime Environment:
#
#  Internal Error (0xeedfade), pid=3888, tid=3280
#
# JRE version: Java(TM) SE Runtime Environment (7.0_40-b43) (build 1.7.0_40-b43)
# Java VM: Java HotSpot(TM) Client VM (24.0-b56 mixed mode windows-x86 )
# Problematic frame:
# C  [KERNELBASE.dll+0xc41f]
#
# Failed to write core dump. Minidumps are not enabled by default on client versions of Windows
#
# If you would like to submit a bug report, please visit:
#   http://bugreport.sun.com/bugreport/crash.jsp
# The crash happened outside the Java Virtual Machine in native code.
# See problematic frame for where to report the bug.
#

---------------  T H R E A D  ---------------

Current thread (0x0214c400):  JavaThread "main" [_thread_in_native, id=3280, stack(0x021e0000,0x02230000)]

siginfo: ExceptionCode=0xeedfade, ExceptionInformation=0x18f7e4cc 0x19432c30 0x0000000a 0x00000100 0x00000000 0x0222f428 0x0222f3f8 

Registers:
EAX=0x0222f374, EBX=0x0000000a, ECX=0x00000007, EDX=0x00000000
ESP=0x0222f374, EBP=0x0222f3c4, ESI=0x00000100, EDI=0x00000000
EIP=0x766dc41f, EFLAGS=0x00000216

Top of Stack: (sp=0x0222f374)
0x0222f374:   0eedfade 00000001 00000000 766dc41f
0x0222f384:   00000007 18f7e4cc 19432c30 0000000a
0x0222f394:   00000100 00000000 0222f428 0222f3f8
0x0222f3a4:   0222f3c8 18f73557 0222f3c0 19432c30
0x0222f3b4:   19432bf4 00000001 19432c30 0222f3e8
0x0222f3c4:   0222f428 18f7e4cc 0eedfade 00000001
0x0222f3d4:   00000007 0222f3dc 18f7e4cc 19432c30
0x0222f3e4:   0000000a 00000100 00000000 0222f428 

Instructions: (pc=0x766dc41f)
0x766dc3ff:   02 50 ff 75 14 8d 45 c4 50 e8 15 ad 02 00 83 c4
0x766dc40f:   0c eb 03 89 45 c0 8d 45 b0 50 ff 15 5c 11 6d 76
0x766dc41f:   c9 c2 10 00 cc cc cc cc cc 8b ff 55 8b ec 56 8b
0x766dc42f:   75 08 83 fe f4 72 18 83 fe f6 77 13 8d 45 08 50 


Register to memory mapping:

EAX=0x0222f374 is pointing into the stack for thread: 0x0214c400
EBX=0x0000000a is an unknown value
ECX=0x00000007 is an unknown value
EDX=0x00000000 is an unknown value
ESP=0x0222f374 is pointing into the stack for thread: 0x0214c400
EBP=0x0222f3c4 is pointing into the stack for thread: 0x0214c400
ESI=0x00000100 is an unknown value
EDI=0x00000000 is an unknown value


Stack: [0x021e0000,0x02230000],  sp=0x0222f374,  free space=316k
Native frames: (J=compiled Java code, j=interpreted, Vv=VM code, C=native code)
C  [KERNELBASE.dll+0xc41f]
C  [JCustomOpc.dll+0xe4cc]
C  [JCustomOpc.dll+0xe8b7]
C  [JCustomOpc.dll+0x12463]
C  [JCustomOpc.dll+0x13659]
C  [JCustomOpc.dll+0x63139]
C  [JCustomOpc.dll+0x658ab]
j  javafish.clients.opc.browser.JOpcBrowser.getOpcItemsNative(Ljava/lang/String;Z)[Ljava/lang/String;+0
j  javafish.clients.opc.browser.JOpcBrowser.getOpcItems(Ljava/lang/String;Z)[Ljava/lang/String;+3
j  cuki.bin.OpcConn.getIten(Ljava/lang/String;)[Ljava/lang/String;+8
j  cuki.bin.OpcConn._getAllBranches(Ljava/lang/String;Ljava/lang/String;)V+98
j  cuki.bin.OpcConn._getAllBranches(Ljava/lang/String;Ljava/lang/String;)V+48
j  cuki.bin.OpcConn._getAllBranches(Ljava/lang/String;Ljava/lang/String;)V+48
j  cuki.bin.OpcConn.getAllBranches()V+4
j  cuki.Teste.main([Ljava/lang/String;)V+21
v  ~StubRoutines::call_stub
V  [jvm.dll+0x13ee1a]
V  [jvm.dll+0x20283e]
V  [jvm.dll+0x13ee9d]
V  [jvm.dll+0xc96e5]
V  [jvm.dll+0xd4387]
C  [javaw.exe+0x2070]
C  [javaw.exe+0xa5b1]
C  [javaw.exe+0xa63b]
C  [kernel32.dll+0x13677]
C  [ntdll.dll+0x39f42]
C  [ntdll.dll+0x39f15]

Java frames: (J=compiled Java code, j=interpreted, Vv=VM code)
j  javafish.clients.opc.browser.JOpcBrowser.getOpcItemsNative(Ljava/lang/String;Z)[Ljava/lang/String;+0
j  javafish.clients.opc.browser.JOpcBrowser.getOpcItems(Ljava/lang/String;Z)[Ljava/lang/String;+3
j  cuki.bin.OpcConn.getIten(Ljava/lang/String;)[Ljava/lang/String;+8
j  cuki.bin.OpcConn._getAllBranches(Ljava/lang/String;Ljava/lang/String;)V+98
j  cuki.bin.OpcConn._getAllBranches(Ljava/lang/String;Ljava/lang/String;)V+48
j  cuki.bin.OpcConn._getAllBranches(Ljava/lang/String;Ljava/lang/String;)V+48
j  cuki.bin.OpcConn.getAllBranches()V+4
j  cuki.Teste.main([Ljava/lang/String;)V+21
v  ~StubRoutines::call_stub

---------------  P R O C E S S  ---------------

Java Threads: ( => current thread )
  0x1834b800 JavaThread "Service Thread" daemon [_thread_blocked, id=4088, stack(0x19360000,0x193b0000)]
  0x18349400 JavaThread "C1 CompilerThread0" daemon [_thread_blocked, id=1288, stack(0x192c0000,0x19310000)]
  0x1833a000 JavaThread "JDWP Command Reader" daemon [_thread_in_native, id=3516, stack(0x18d50000,0x18da0000)]
  0x18339000 JavaThread "JDWP Event Helper Thread" daemon [_thread_blocked, id=1184, stack(0x19220000,0x19270000)]
  0x18337800 JavaThread "JDWP Transport Listener: dt_socket" daemon [_thread_blocked, id=3852, stack(0x19080000,0x190d0000)]
  0x1832ac00 JavaThread "Attach Listener" daemon [_thread_blocked, id=2328, stack(0x02170000,0x021c0000)]
  0x18327c00 JavaThread "Signal Dispatcher" daemon [_thread_blocked, id=644, stack(0x18930000,0x18980000)]
  0x182f5800 JavaThread "Finalizer" daemon [_thread_blocked, id=2460, stack(0x18760000,0x187b0000)]
  0x182f0800 JavaThread "Reference Handler" daemon [_thread_blocked, id=2936, stack(0x187e0000,0x18830000)]
=>0x0214c400 JavaThread "main" [_thread_in_native, id=3280, stack(0x021e0000,0x02230000)]

Other Threads:
  0x182eec00 VMThread [stack: 0x18630000,0x18680000] [id=652]
  0x1835e400 WatcherThread [stack: 0x19190000,0x191e0000] [id=3988]

VM state:not at safepoint (normal execution)

VM Mutex/Monitor currently owned by a thread: None

Heap
 def new generation   total 4928K, used 2962K [0x04230000, 0x04780000, 0x09780000)
  eden space 4416K,  67% used [0x04230000, 0x045149c0, 0x04680000)
  from space 512K,   0% used [0x04680000, 0x04680000, 0x04700000)
  to   space 512K,   0% used [0x04700000, 0x04700000, 0x04780000)
 tenured generation   total 10944K, used 0K [0x09780000, 0x0a230000, 0x14230000)
   the space 10944K,   0% used [0x09780000, 0x09780000, 0x09780200, 0x0a230000)
 compacting perm gen  total 12288K, used 2799K [0x14230000, 0x14e30000, 0x18230000)
   the space 12288K,  22% used [0x14230000, 0x144ebee0, 0x144ec000, 0x14e30000)
No shared spaces configured.

Card table byte_map: [0x18230000,0x182e0000] byte_map_base: 0x1820ee80

Polling page: 0x000c0000

Code Cache  [0x02230000, 0x022e8000, 0x04230000)
 total_blobs=194 nmethods=54 adapters=85 free_code_cache=32062Kb largest_free_block=32831744

Compilation events (10 events):
Event: 13.363 Thread 0x18349400   50             java.util.ArrayList::rangeCheck (22 bytes)
Event: 13.363 Thread 0x18349400 nmethod 50 0x022ddd08 code [0x022dde60, 0x022de118]
Event: 13.363 Thread 0x18349400   51             java.util.ArrayList::elementData (7 bytes)
Event: 13.363 Thread 0x18349400 nmethod 51 0x022de408 code [0x022de500, 0x022de5a0]
Event: 13.363 Thread 0x18349400   52             java.util.ArrayList::get (11 bytes)
Event: 13.364 Thread 0x18349400 nmethod 52 0x022de648 code [0x022de760, 0x022de898]
Event: 13.372 Thread 0x18349400   53             java.util.Properties$LineReader::readLine (452 bytes)
Event: 13.374 Thread 0x18349400 nmethod 53 0x022dea48 code [0x022debe0, 0x022df3ec]
Event: 13.374 Thread 0x18349400   54             java.util.Properties::loadConvert (505 bytes)
Event: 13.375 Thread 0x18349400 nmethod 54 0x022dfb88 code [0x022dfcd0, 0x022e0158]

GC Heap History (0 events):
No events

Deoptimization events (0 events):
No events

Internal exceptions (10 events):
Event: 0.213 Thread 0x0214c400 Threw 0x044e5760 at C:\jdk7u2_32P\jdk7u40\hotspot\src\share\vm\classfile\systemDictionary.cpp:185
Event: 0.214 Thread 0x0214c400 Threw 0x044ed598 at C:\jdk7u2_32P\jdk7u40\hotspot\src\share\vm\prims\jvm.cpp:1244
Event: 13.362 Thread 0x0214c400 Threw 0x044f37b8 at C:\jdk7u2_32P\jdk7u40\hotspot\src\share\vm\prims\jni.cpp:743
Event: 13.363 Thread 0x0214c400 Threw 0x044f3d60 at C:\jdk7u2_32P\jdk7u40\hotspot\src\share\vm\prims\jvm.cpp:1244
Event: 13.367 Thread 0x0214c400 Threw 0x044fc660 at C:\jdk7u2_32P\jdk7u40\hotspot\src\share\vm\prims\jvm.cpp:1244
Event: 13.368 Thread 0x0214c400 Threw 0x044fffe0 at C:\jdk7u2_32P\jdk7u40\hotspot\src\share\vm\prims\jvm.cpp:1244
Event: 13.369 Thread 0x0214c400 Threw 0x04501fd8 at C:\jdk7u2_32P\jdk7u40\hotspot\src\share\vm\prims\jvm.cpp:1244
Event: 13.370 Thread 0x0214c400 Threw 0x045039e0 at C:\jdk7u2_32P\jdk7u40\hotspot\src\share\vm\prims\jvm.cpp:1244
Event: 30.543 Thread 0x0214c400 Threw 0x0450f508 at C:\jdk7u2_32P\jdk7u40\hotspot\src\share\vm\prims\jni.cpp:743
Event: 45.242 Thread 0x0214c400 Threw 0x04511470 at C:\jdk7u2_32P\jdk7u40\hotspot\src\share\vm\prims\jni.cpp:743

Events (10 events):
Event: 51.753 Executing VM operation: ChangeSingleStep
Event: 51.753 Executing VM operation: ChangeSingleStep done
Event: 51.753 Executing VM operation: ChangeSingleStep
Event: 51.754 Executing VM operation: ChangeSingleStep done
Event: 51.754 Executing VM operation: GetCurrentLocation
Event: 51.754 Executing VM operation: GetCurrentLocation done
Event: 51.754 Executing VM operation: ChangeSingleStep
Event: 51.754 Executing VM operation: ChangeSingleStep done
Event: 51.754 Executing VM operation: ChangeSingleStep
Event: 51.754 Executing VM operation: ChangeSingleStep done


Dynamic libraries:
0x00be0000 - 0x00c0f000 	C:\Program Files (x86)\Java\jre7\bin\javaw.exe
0x77a30000 - 0x77bb0000 	C:\Windows\SysWOW64\ntdll.dll
0x773f0000 - 0x77500000 	C:\Windows\syswow64\kernel32.dll
0x766d0000 - 0x76717000 	C:\Windows\syswow64\KERNELBASE.dll
0x77590000 - 0x77630000 	C:\Windows\syswow64\ADVAPI32.dll
0x76720000 - 0x767cc000 	C:\Windows\syswow64\msvcrt.dll
0x76eb0000 - 0x76ec9000 	C:\Windows\SysWOW64\sechost.dll
0x76ed0000 - 0x76fc0000 	C:\Windows\syswow64\RPCRT4.dll
0x75590000 - 0x755f0000 	C:\Windows\syswow64\SspiCli.dll
0x75580000 - 0x7558c000 	C:\Windows\syswow64\CRYPTBASE.dll
0x76c80000 - 0x76d80000 	C:\Windows\syswow64\USER32.dll
0x77500000 - 0x77590000 	C:\Windows\syswow64\GDI32.dll
0x75650000 - 0x7565a000 	C:\Windows\syswow64\LPK.dll
0x77180000 - 0x7721e000 	C:\Windows\syswow64\USP10.dll
0x71510000 - 0x716ae000 	C:\Windows\WinSxS\x86_microsoft.windows.common-controls_6595b64144ccf1df_6.0.7600.16661_none_420fe3fa2b8113bd\COMCTL32.dll
0x755f0000 - 0x75647000 	C:\Windows\syswow64\SHLWAPI.dll
0x765e0000 - 0x76640000 	C:\Windows\system32\IMM32.DLL
0x767d0000 - 0x7689c000 	C:\Windows\syswow64\MSCTF.dll
0x698d0000 - 0x6998e000 	C:\Program Files (x86)\Java\jre7\bin\msvcr100.dll
0x68230000 - 0x685b0000 	C:\Program Files (x86)\Java\jre7\bin\client\jvm.dll
0x72e30000 - 0x72e37000 	C:\Windows\system32\WSOCK32.dll
0x76570000 - 0x765a5000 	C:\Windows\syswow64\WS2_32.dll
0x768a0000 - 0x768a6000 	C:\Windows\syswow64\NSI.dll
0x72920000 - 0x72952000 	C:\Windows\system32\WINMM.dll
0x76d80000 - 0x76d85000 	C:\Windows\syswow64\PSAPI.DLL
0x73910000 - 0x7391c000 	C:\Program Files (x86)\Java\jre7\bin\verify.dll
0x698b0000 - 0x698d0000 	C:\Program Files (x86)\Java\jre7\bin\java.dll
0x68150000 - 0x6817a000 	C:\Program Files (x86)\Java\jre7\bin\jdwp.dll
0x73c50000 - 0x73c57000 	C:\Program Files (x86)\Java\jre7\bin\npt.dll
0x69730000 - 0x69743000 	C:\Program Files (x86)\Java\jre7\bin\zip.dll
0x71df0000 - 0x71df8000 	C:\Program Files (x86)\Java\jre7\bin\dt_socket.dll
0x72ff0000 - 0x73000000 	C:\Windows\system32\NLAapi.dll
0x72fb0000 - 0x72fec000 	C:\Windows\System32\mswsock.dll
0x72f60000 - 0x72fa4000 	C:\Windows\system32\DNSAPI.dll
0x72f50000 - 0x72f58000 	C:\Windows\System32\winrnr.dll
0x72f40000 - 0x72f50000 	C:\Windows\system32\napinsp.dll
0x72f20000 - 0x72f32000 	C:\Windows\system32\pnrpnsp.dll
0x72f00000 - 0x72f1c000 	C:\Windows\system32\IPHLPAPI.DLL
0x72ef0000 - 0x72ef7000 	C:\Windows\system32\WINNSI.DLL
0x72ea0000 - 0x72ed8000 	C:\Windows\System32\fwpuclnt.dll
0x72e90000 - 0x72e96000 	C:\Windows\system32\rasadhlp.dll
0x72e80000 - 0x72e85000 	C:\Windows\System32\wshtcpip.dll
0x18f70000 - 0x18fec000 	C:\Users\cuki\Desktop\Workspace\Pivo\lib\JCustomOpc.dll
0x76640000 - 0x766cf000 	C:\Windows\syswow64\oleaut32.dll
0x76aa0000 - 0x76bfc000 	C:\Windows\syswow64\ole32.dll
0x754b0000 - 0x754b9000 	C:\Windows\system32\version.dll
0x68130000 - 0x68144000 	C:\Program Files (x86)\Java\jre7\bin\net.dll
0x74000000 - 0x74006000 	C:\Windows\System32\wship6.dll
0x716b0000 - 0x716bf000 	C:\Program Files (x86)\Java\jre7\bin\nio.dll
0x768b0000 - 0x76933000 	C:\Windows\syswow64\CLBCatQ.DLL
0x730f0000 - 0x73106000 	C:\Windows\system32\CRYPTSP.dll
0x730b0000 - 0x730eb000 	C:\Windows\system32\rsaenh.dll
0x752a0000 - 0x752ae000 	C:\Windows\system32\RpcRtRemote.dll
0x006c0000 - 0x006da000 	C:\Windows\SysWOW64\opcproxy.dll
0x71410000 - 0x714fb000 	C:\Windows\system32\dbghelp.dll

VM Arguments:
jvm_args: -agentlib:jdwp=transport=dt_socket,suspend=y,address=localhost:49810 -Dfile.encoding=Cp1252 
java_command: cuki.Teste
Launcher Type: SUN_STANDARD

Environment Variables:
PATH=C:\Windows\system32;C:\Windows;C:\Windows\System32\Wbem;C:\Windows\System32\WindowsPowerShell\v1.0\;C:\PICC
USERNAME=cuki
OS=Windows_NT
PROCESSOR_IDENTIFIER=Intel64 Family 6 Model 42 Stepping 7, GenuineIntel



---------------  S Y S T E M  ---------------

OS: Windows 7 , 64 bit Build 7600 

CPU:total 4 (4 cores per cpu, 1 threads per core) family 6 model 42 stepping 7, cmov, cx8, fxsr, mmx, sse, sse2, sse3, ssse3, sse4.1, sse4.2, popcnt, aes, tsc, tscinvbit

Memory: 4k page, physical 4080448k(2168988k free), swap 8158988k(6246684k free)

vm_info: Java HotSpot(TM) Client VM (24.0-b56) for windows-x86 JRE (1.7.0_40-b43), built on Aug 26 2013 22:34:40 by "java_re" with unknown MS VC++:1600

time: Mon Oct 14 15:27:43 2013
elapsed time: 53 seconds

