#
# A fatal error has been detected by the Java Runtime Environment:
#
#  Internal Error (0xeedfade), pid=3552, tid=2908
#
# JRE version: Java(TM) SE Runtime Environment (7.0_40-b43) (build 1.7.0_40-b43)
# Java VM: Java HotSpot(TM) Client VM (24.0-b56 mixed mode, sharing windows-x86 )
# Problematic frame:
# C  [KERNELBASE.dll+0xc41f]
#
# Failed to write core dump. Minidumps are not enabled by default on client versions of Windows
#
# If you would like to submit a bug report, please visit:
#   http://bugreport.sun.com/bugreport/crash.jsp
# The crash happened outside the Java Virtual Machine in native code.
# See problematic frame for where to report the bug.
#

---------------  T H R E A D  ---------------

Current thread (0x0225b800):  JavaThread "main" [_thread_in_native, id=2908, stack(0x01d30000,0x01d80000)]

siginfo: ExceptionCode=0xeedfade, ExceptionInformation=0x046be4cc 0x04c02c30 0x0000000a 0x00000100 0x00000000 0x01d7f3c8 0x01d7f398 

Registers:
EAX=0x01d7f314, EBX=0x0000000a, ECX=0x00000007, EDX=0x00000000
ESP=0x01d7f314, EBP=0x01d7f364, ESI=0x00000100, EDI=0x00000000
EIP=0x766dc41f, EFLAGS=0x00000216

Top of Stack: (sp=0x01d7f314)
0x01d7f314:   0eedfade 00000001 00000000 766dc41f
0x01d7f324:   00000007 046be4cc 04c02c30 0000000a
0x01d7f334:   00000100 00000000 01d7f3c8 01d7f398
0x01d7f344:   01d7f368 046b3557 01d7f360 04c02c30
0x01d7f354:   04c02bf4 00000001 04c02c30 01d7f388
0x01d7f364:   01d7f3c8 046be4cc 0eedfade 00000001
0x01d7f374:   00000007 01d7f37c 046be4cc 04c02c30
0x01d7f384:   0000000a 00000100 00000000 01d7f3c8 

Instructions: (pc=0x766dc41f)
0x766dc3ff:   02 50 ff 75 14 8d 45 c4 50 e8 15 ad 02 00 83 c4
0x766dc40f:   0c eb 03 89 45 c0 8d 45 b0 50 ff 15 5c 11 6d 76
0x766dc41f:   c9 c2 10 00 cc cc cc cc cc 8b ff 55 8b ec 56 8b
0x766dc42f:   75 08 83 fe f4 72 18 83 fe f6 77 13 8d 45 08 50 


Register to memory mapping:

EAX=0x01d7f314 is pointing into the stack for thread: 0x0225b800
EBX=0x0000000a is an unknown value
ECX=0x00000007 is an unknown value
EDX=0x00000000 is an unknown value
ESP=0x01d7f314 is pointing into the stack for thread: 0x0225b800
EBP=0x01d7f364 is pointing into the stack for thread: 0x0225b800
ESI=0x00000100 is an unknown value
EDI=0x00000000 is an unknown value


Stack: [0x01d30000,0x01d80000],  sp=0x01d7f314,  free space=316k
Native frames: (J=compiled Java code, j=interpreted, Vv=VM code, C=native code)
C  [KERNELBASE.dll+0xc41f]
C  [JCustomOpc.dll+0xe4cc]
C  [JCustomOpc.dll+0xe8b7]
C  [JCustomOpc.dll+0x12463]
C  [JCustomOpc.dll+0x13659]
C  [JCustomOpc.dll+0x63139]
C  [JCustomOpc.dll+0x658ab]
j  javafish.clients.opc.browser.JOpcBrowser.getOpcItemsNative(Ljava/lang/String;Z)[Ljava/lang/String;+0
j  javafish.clients.opc.browser.JOpcBrowser.getOpcItems(Ljava/lang/String;Z)[Ljava/lang/String;+3
j  cuki.bin.OpcConn.getIten(Ljava/lang/String;)[Ljava/lang/String;+8
j  cuki.bin.OpcConn._getAllBranches(Ljava/lang/String;Ljava/lang/String;)V+98
j  cuki.bin.OpcConn._getAllBranches(Ljava/lang/String;Ljava/lang/String;)V+48
j  cuki.bin.OpcConn._getAllBranches(Ljava/lang/String;Ljava/lang/String;)V+48
j  cuki.bin.OpcConn.getAllBranches()V+4
j  cuki.Teste.main([Ljava/lang/String;)V+21
v  ~StubRoutines::call_stub
V  [jvm.dll+0x13ee1a]
V  [jvm.dll+0x20283e]
V  [jvm.dll+0x13ee9d]
V  [jvm.dll+0xc96e5]
V  [jvm.dll+0xd4387]
C  [javaw.exe+0x2070]
C  [javaw.exe+0xa5b1]
C  [javaw.exe+0xa63b]
C  [kernel32.dll+0x13677]
C  [ntdll.dll+0x39f42]
C  [ntdll.dll+0x39f15]

Java frames: (J=compiled Java code, j=interpreted, Vv=VM code)
j  javafish.clients.opc.browser.JOpcBrowser.getOpcItemsNative(Ljava/lang/String;Z)[Ljava/lang/String;+0
j  javafish.clients.opc.browser.JOpcBrowser.getOpcItems(Ljava/lang/String;Z)[Ljava/lang/String;+3
j  cuki.bin.OpcConn.getIten(Ljava/lang/String;)[Ljava/lang/String;+8
j  cuki.bin.OpcConn._getAllBranches(Ljava/lang/String;Ljava/lang/String;)V+98
j  cuki.bin.OpcConn._getAllBranches(Ljava/lang/String;Ljava/lang/String;)V+48
j  cuki.bin.OpcConn._getAllBranches(Ljava/lang/String;Ljava/lang/String;)V+48
j  cuki.bin.OpcConn.getAllBranches()V+4
j  cuki.Teste.main([Ljava/lang/String;)V+21
v  ~StubRoutines::call_stub

---------------  P R O C E S S  ---------------

Java Threads: ( => current thread )
  0x0214d000 JavaThread "Service Thread" daemon [_thread_blocked, id=2400, stack(0x049b0000,0x04a00000)]
  0x02147c00 JavaThread "C1 CompilerThread0" daemon [_thread_blocked, id=3752, stack(0x04950000,0x049a0000)]
  0x02142c00 JavaThread "Attach Listener" daemon [_thread_blocked, id=2072, stack(0x04610000,0x04660000)]
  0x0213f800 JavaThread "Signal Dispatcher" daemon [_thread_blocked, id=1584, stack(0x04660000,0x046b0000)]
  0x020d2800 JavaThread "Finalizer" daemon [_thread_blocked, id=3108, stack(0x04730000,0x04780000)]
  0x020cd800 JavaThread "Reference Handler" daemon [_thread_blocked, id=124, stack(0x01ce0000,0x01d30000)]
=>0x0225b800 JavaThread "main" [_thread_in_native, id=2908, stack(0x01d30000,0x01d80000)]

Other Threads:
  0x020cb400 VMThread [stack: 0x045a0000,0x045f0000] [id=3672]
  0x02166000 WatcherThread [stack: 0x04780000,0x047d0000] [id=3360]

VM state:not at safepoint (normal execution)

VM Mutex/Monitor currently owned by a thread: None

Heap
 def new generation   total 4928K, used 2685K [0x24200000, 0x24750000, 0x29750000)
  eden space 4416K,  60% used [0x24200000, 0x2449f6b0, 0x24650000)
  from space 512K,   0% used [0x24650000, 0x24650000, 0x246d0000)
  to   space 512K,   0% used [0x246d0000, 0x246d0000, 0x24750000)
 tenured generation   total 10944K, used 0K [0x29750000, 0x2a200000, 0x34200000)
   the space 10944K,   0% used [0x29750000, 0x29750000, 0x29750200, 0x2a200000)
 compacting perm gen  total 12288K, used 748K [0x34200000, 0x34e00000, 0x38200000)
   the space 12288K,   6% used [0x34200000, 0x342bb210, 0x342bb400, 0x34e00000)
    ro space 10240K,  41% used [0x38200000, 0x386316b0, 0x38631800, 0x38c00000)
    rw space 12288K,  52% used [0x38c00000, 0x392459f0, 0x39245a00, 0x39800000)

Card table byte_map: [0x02190000,0x02240000] byte_map_base: 0x0206f000

Polling page: 0x00200000

Code Cache  [0x02360000, 0x02410000, 0x04360000)
 total_blobs=199 nmethods=51 adapters=85 free_code_cache=32078Kb largest_free_block=32848704

Compilation events (10 events):
Event: 0.113 Thread 0x02147c00   47             java.lang.Class$MethodArray::addIfNotPresent (47 bytes)
Event: 0.113 Thread 0x02147c00 nmethod 47 0x02409548 code [0x02409660, 0x02409788]
Event: 0.113 Thread 0x02147c00   48             java.lang.reflect.Method::equals (107 bytes)
Event: 0.113 Thread 0x02147c00 nmethod 48 0x024098c8 code [0x024099d0, 0x02409b80]
Event: 0.113 Thread 0x02147c00   49   !         sun.misc.URLClassPath$JarLoader::getResource (91 bytes)
Event: 0.114 Thread 0x02147c00 nmethod 49 0x02409d08 code [0x02409ec0, 0x0240a41c]
Event: 0.432 Thread 0x02147c00   50             java.util.Properties$LineReader::readLine (452 bytes)
Event: 0.433 Thread 0x02147c00 nmethod 50 0x0240a988 code [0x0240ab20, 0x0240b32c]
Event: 0.433 Thread 0x02147c00   51             java.util.Properties::loadConvert (505 bytes)
Event: 0.434 Thread 0x02147c00 nmethod 51 0x0240ba48 code [0x0240bb90, 0x0240bfb8]

GC Heap History (0 events):
No events

Deoptimization events (0 events):
No events

Internal exceptions (10 events):
Event: 0.113 Thread 0x0225b800 Threw 0x2446bd28 at C:\jdk7u2_32P\jdk7u40\hotspot\src\share\vm\classfile\systemDictionary.cpp:185
Event: 0.114 Thread 0x0225b800 Threw 0x24473b58 at C:\jdk7u2_32P\jdk7u40\hotspot\src\share\vm\prims\jvm.cpp:1244
Event: 0.428 Thread 0x0225b800 Threw 0x24479c20 at C:\jdk7u2_32P\jdk7u40\hotspot\src\share\vm\prims\jni.cpp:743
Event: 0.428 Thread 0x0225b800 Threw 0x2447a1c8 at C:\jdk7u2_32P\jdk7u40\hotspot\src\share\vm\prims\jvm.cpp:1244
Event: 0.430 Thread 0x0225b800 Threw 0x24484aa8 at C:\jdk7u2_32P\jdk7u40\hotspot\src\share\vm\prims\jvm.cpp:1244
Event: 0.430 Thread 0x0225b800 Threw 0x24486400 at C:\jdk7u2_32P\jdk7u40\hotspot\src\share\vm\prims\jvm.cpp:1244
Event: 0.431 Thread 0x0225b800 Threw 0x24488320 at C:\jdk7u2_32P\jdk7u40\hotspot\src\share\vm\prims\jvm.cpp:1244
Event: 0.431 Thread 0x0225b800 Threw 0x24489d78 at C:\jdk7u2_32P\jdk7u40\hotspot\src\share\vm\prims\jvm.cpp:1244
Event: 2.541 Thread 0x0225b800 Threw 0x24495830 at C:\jdk7u2_32P\jdk7u40\hotspot\src\share\vm\prims\jni.cpp:743
Event: 4.648 Thread 0x0225b800 Threw 0x244980d0 at C:\jdk7u2_32P\jdk7u40\hotspot\src\share\vm\prims\jni.cpp:743

Events (10 events):
Event: 0.113 loading class 0x04a63040
Event: 0.113 loading class 0x04a63040 done
Event: 0.428 loading class 0x020b45e0
Event: 0.428 loading class 0x020b45e0 done
Event: 0.430 loading class 0x04a89228
Event: 0.430 loading class 0x04a89228 done
Event: 0.431 loading class 0x04a89260
Event: 0.431 loading class 0x04a89260 done
Event: 4.141 Executing VM operation: EnableBiasedLocking
Event: 4.141 Executing VM operation: EnableBiasedLocking done


Dynamic libraries:
0x003e0000 - 0x0040f000 	C:\Program Files (x86)\Java\jre7\bin\javaw.exe
0x77a30000 - 0x77bb0000 	C:\Windows\SysWOW64\ntdll.dll
0x773f0000 - 0x77500000 	C:\Windows\syswow64\kernel32.dll
0x766d0000 - 0x76717000 	C:\Windows\syswow64\KERNELBASE.dll
0x77590000 - 0x77630000 	C:\Windows\syswow64\ADVAPI32.dll
0x76720000 - 0x767cc000 	C:\Windows\syswow64\msvcrt.dll
0x76eb0000 - 0x76ec9000 	C:\Windows\SysWOW64\sechost.dll
0x76ed0000 - 0x76fc0000 	C:\Windows\syswow64\RPCRT4.dll
0x75590000 - 0x755f0000 	C:\Windows\syswow64\SspiCli.dll
0x75580000 - 0x7558c000 	C:\Windows\syswow64\CRYPTBASE.dll
0x76c80000 - 0x76d80000 	C:\Windows\syswow64\USER32.dll
0x77500000 - 0x77590000 	C:\Windows\syswow64\GDI32.dll
0x75650000 - 0x7565a000 	C:\Windows\syswow64\LPK.dll
0x77180000 - 0x7721e000 	C:\Windows\syswow64\USP10.dll
0x71510000 - 0x716ae000 	C:\Windows\WinSxS\x86_microsoft.windows.common-controls_6595b64144ccf1df_6.0.7600.16661_none_420fe3fa2b8113bd\COMCTL32.dll
0x755f0000 - 0x75647000 	C:\Windows\syswow64\SHLWAPI.dll
0x765e0000 - 0x76640000 	C:\Windows\system32\IMM32.DLL
0x767d0000 - 0x7689c000 	C:\Windows\syswow64\MSCTF.dll
0x698d0000 - 0x6998e000 	C:\Program Files (x86)\Java\jre7\bin\msvcr100.dll
0x68230000 - 0x685b0000 	C:\Program Files (x86)\Java\jre7\bin\client\jvm.dll
0x72e30000 - 0x72e37000 	C:\Windows\system32\WSOCK32.dll
0x76570000 - 0x765a5000 	C:\Windows\syswow64\WS2_32.dll
0x768a0000 - 0x768a6000 	C:\Windows\syswow64\NSI.dll
0x72920000 - 0x72952000 	C:\Windows\system32\WINMM.dll
0x76d80000 - 0x76d85000 	C:\Windows\syswow64\PSAPI.DLL
0x739f0000 - 0x739fc000 	C:\Program Files (x86)\Java\jre7\bin\verify.dll
0x739d0000 - 0x739f0000 	C:\Program Files (x86)\Java\jre7\bin\java.dll
0x73930000 - 0x73943000 	C:\Program Files (x86)\Java\jre7\bin\zip.dll
0x046b0000 - 0x0472c000 	C:\Users\cuki\Desktop\Workspace\Pivo\lib\JCustomOpc.dll
0x76640000 - 0x766cf000 	C:\Windows\syswow64\oleaut32.dll
0x76aa0000 - 0x76bfc000 	C:\Windows\syswow64\ole32.dll
0x754b0000 - 0x754b9000 	C:\Windows\system32\version.dll
0x73910000 - 0x73924000 	C:\Program Files (x86)\Java\jre7\bin\net.dll
0x72fb0000 - 0x72fec000 	C:\Windows\system32\mswsock.dll
0x74000000 - 0x74006000 	C:\Windows\System32\wship6.dll
0x73c50000 - 0x73c5f000 	C:\Program Files (x86)\Java\jre7\bin\nio.dll
0x768b0000 - 0x76933000 	C:\Windows\syswow64\CLBCatQ.DLL
0x730f0000 - 0x73106000 	C:\Windows\system32\CRYPTSP.dll
0x730b0000 - 0x730eb000 	C:\Windows\system32\rsaenh.dll
0x752a0000 - 0x752ae000 	C:\Windows\system32\RpcRtRemote.dll
0x10000000 - 0x1001a000 	C:\Windows\SysWOW64\opcproxy.dll
0x71410000 - 0x714fb000 	C:\Windows\system32\dbghelp.dll

VM Arguments:
jvm_args: -Dfile.encoding=Cp1252 
java_command: cuki.Teste
Launcher Type: SUN_STANDARD

Environment Variables:
PATH=C:\Windows\system32;C:\Windows;C:\Windows\System32\Wbem;C:\Windows\System32\WindowsPowerShell\v1.0\;C:\PICC
USERNAME=cuki
OS=Windows_NT
PROCESSOR_IDENTIFIER=Intel64 Family 6 Model 42 Stepping 7, GenuineIntel



---------------  S Y S T E M  ---------------

OS: Windows 7 , 64 bit Build 7600 

CPU:total 4 (4 cores per cpu, 1 threads per core) family 6 model 42 stepping 7, cmov, cx8, fxsr, mmx, sse, sse2, sse3, ssse3, sse4.1, sse4.2, popcnt, aes, tsc, tscinvbit

Memory: 4k page, physical 4080448k(2159980k free), swap 8158988k(6235840k free)

vm_info: Java HotSpot(TM) Client VM (24.0-b56) for windows-x86 JRE (1.7.0_40-b43), built on Aug 26 2013 22:34:40 by "java_re" with unknown MS VC++:1600

time: Mon Oct 14 15:22:15 2013
elapsed time: 6 seconds

