#
# A fatal error has been detected by the Java Runtime Environment:
#
#  Internal Error (0xeedfade), pid=940, tid=1980
#
# JRE version: Java(TM) SE Runtime Environment (7.0_40-b43) (build 1.7.0_40-b43)
# Java VM: Java HotSpot(TM) Client VM (24.0-b56 mixed mode windows-x86 )
# Problematic frame:
# C  [KERNELBASE.dll+0xc41f]
#
# Failed to write core dump. Minidumps are not enabled by default on client versions of Windows
#
# If you would like to submit a bug report, please visit:
#   http://bugreport.sun.com/bugreport/crash.jsp
# The crash happened outside the Java Virtual Machine in native code.
# See problematic frame for where to report the bug.
#

---------------  T H R E A D  ---------------

Current thread (0x00b2c400):  JavaThread "main" [_thread_in_native, id=1980, stack(0x00990000,0x009e0000)]

siginfo: ExceptionCode=0xeedfade, ExceptionInformation=0x1907e4cc 0x193c2c30 0x0000000a 0x00000100 0x00000000 0x009df678 0x009df648 

Registers:
EAX=0x009df5c4, EBX=0x0000000a, ECX=0x00000007, EDX=0x00000000
ESP=0x009df5c4, EBP=0x009df614, ESI=0x00000100, EDI=0x00000000
EIP=0x766dc41f, EFLAGS=0x00000212

Top of Stack: (sp=0x009df5c4)
0x009df5c4:   0eedfade 00000001 00000000 766dc41f
0x009df5d4:   00000007 1907e4cc 193c2c30 0000000a
0x009df5e4:   00000100 00000000 009df678 009df648
0x009df5f4:   009df618 19073557 009df610 193c2c30
0x009df604:   193c2bf4 00000001 193c2c30 009df638
0x009df614:   009df678 1907e4cc 0eedfade 00000001
0x009df624:   00000007 009df62c 1907e4cc 193c2c30
0x009df634:   0000000a 00000100 00000000 009df678 

Instructions: (pc=0x766dc41f)
0x766dc3ff:   02 50 ff 75 14 8d 45 c4 50 e8 15 ad 02 00 83 c4
0x766dc40f:   0c eb 03 89 45 c0 8d 45 b0 50 ff 15 5c 11 6d 76
0x766dc41f:   c9 c2 10 00 cc cc cc cc cc 8b ff 55 8b ec 56 8b
0x766dc42f:   75 08 83 fe f4 72 18 83 fe f6 77 13 8d 45 08 50 


Register to memory mapping:

EAX=0x009df5c4 is pointing into the stack for thread: 0x00b2c400
EBX=0x0000000a is an unknown value
ECX=0x00000007 is an unknown value
EDX=0x00000000 is an unknown value
ESP=0x009df5c4 is pointing into the stack for thread: 0x00b2c400
EBP=0x009df614 is pointing into the stack for thread: 0x00b2c400
ESI=0x00000100 is an unknown value
EDI=0x00000000 is an unknown value


Stack: [0x00990000,0x009e0000],  sp=0x009df5c4,  free space=317k
Native frames: (J=compiled Java code, j=interpreted, Vv=VM code, C=native code)
C  [KERNELBASE.dll+0xc41f]
C  [JCustomOpc.dll+0xe4cc]
C  [JCustomOpc.dll+0xe8b7]
C  [JCustomOpc.dll+0x12463]
C  [JCustomOpc.dll+0x13659]
C  [JCustomOpc.dll+0x63139]
C  [JCustomOpc.dll+0x658ab]
j  javafish.clients.opc.browser.JOpcBrowser.getOpcItemsNative(Ljava/lang/String;Z)[Ljava/lang/String;+0
j  javafish.clients.opc.browser.JOpcBrowser.getOpcItems(Ljava/lang/String;Z)[Ljava/lang/String;+3
j  cuki.bin.OpcConn.getIten(Ljava/lang/String;)[Ljava/lang/String;+8
j  cuki.bin.OpcConn._getAllBranches(Ljava/lang/String;Ljava/lang/String;)V+101
j  cuki.bin.OpcConn._getAllBranches(Ljava/lang/String;Ljava/lang/String;)V+51
j  cuki.bin.OpcConn._getAllBranches(Ljava/lang/String;Ljava/lang/String;)V+51
j  cuki.bin.OpcConn.getAllBranches()V+4
j  cuki.Teste.main([Ljava/lang/String;)V+21
v  ~StubRoutines::call_stub
V  [jvm.dll+0x13ee1a]
V  [jvm.dll+0x20283e]
V  [jvm.dll+0x13ee9d]
V  [jvm.dll+0xc96e5]
V  [jvm.dll+0xd4387]
C  [javaw.exe+0x2070]
C  [javaw.exe+0xa5b1]
C  [javaw.exe+0xa63b]
C  [kernel32.dll+0x13677]
C  [ntdll.dll+0x39f42]
C  [ntdll.dll+0x39f15]

Java frames: (J=compiled Java code, j=interpreted, Vv=VM code)
j  javafish.clients.opc.browser.JOpcBrowser.getOpcItemsNative(Ljava/lang/String;Z)[Ljava/lang/String;+0
j  javafish.clients.opc.browser.JOpcBrowser.getOpcItems(Ljava/lang/String;Z)[Ljava/lang/String;+3
j  cuki.bin.OpcConn.getIten(Ljava/lang/String;)[Ljava/lang/String;+8
j  cuki.bin.OpcConn._getAllBranches(Ljava/lang/String;Ljava/lang/String;)V+101
j  cuki.bin.OpcConn._getAllBranches(Ljava/lang/String;Ljava/lang/String;)V+51
j  cuki.bin.OpcConn._getAllBranches(Ljava/lang/String;Ljava/lang/String;)V+51
j  cuki.bin.OpcConn.getAllBranches()V+4
j  cuki.Teste.main([Ljava/lang/String;)V+21
v  ~StubRoutines::call_stub

---------------  P R O C E S S  ---------------

Java Threads: ( => current thread )
  0x00bca800 JavaThread "Service Thread" daemon [_thread_blocked, id=2828, stack(0x192d0000,0x19320000)]
  0x00bc8400 JavaThread "C1 CompilerThread0" daemon [_thread_blocked, id=1992, stack(0x19190000,0x191e0000)]
  0x00bb8000 JavaThread "JDWP Command Reader" daemon [_thread_in_native, id=2796, stack(0x19220000,0x19270000)]
  0x00bb6c00 JavaThread "JDWP Event Helper Thread" daemon [_thread_blocked, id=1812, stack(0x19120000,0x19170000)]
  0x00bb3000 JavaThread "JDWP Transport Listener: dt_socket" daemon [_thread_blocked, id=1412, stack(0x18cd0000,0x18d20000)]
  0x00ba6000 JavaThread "Attach Listener" daemon [_thread_blocked, id=1632, stack(0x18530000,0x18580000)]
  0x00ba2c00 JavaThread "Signal Dispatcher" daemon [_thread_blocked, id=2612, stack(0x186f0000,0x18740000)]
  0x00b75800 JavaThread "Finalizer" daemon [_thread_blocked, id=2124, stack(0x18740000,0x18790000)]
  0x00b70800 JavaThread "Reference Handler" daemon [_thread_blocked, id=2404, stack(0x00d90000,0x00de0000)]
=>0x00b2c400 JavaThread "main" [_thread_in_native, id=1980, stack(0x00990000,0x009e0000)]

Other Threads:
  0x00b6ec00 VMThread [stack: 0x18650000,0x186a0000] [id=884]
  0x00bd4c00 WatcherThread [stack: 0x19370000,0x193c0000] [id=1996]

VM state:not at safepoint (normal execution)

VM Mutex/Monitor currently owned by a thread: None

Heap
 def new generation   total 4928K, used 2962K [0x04500000, 0x04a50000, 0x09a50000)
  eden space 4416K,  67% used [0x04500000, 0x047e4940, 0x04950000)
  from space 512K,   0% used [0x04950000, 0x04950000, 0x049d0000)
  to   space 512K,   0% used [0x049d0000, 0x049d0000, 0x04a50000)
 tenured generation   total 10944K, used 0K [0x09a50000, 0x0a500000, 0x14500000)
   the space 10944K,   0% used [0x09a50000, 0x09a50000, 0x09a50200, 0x0a500000)
 compacting perm gen  total 12288K, used 2799K [0x14500000, 0x15100000, 0x18500000)
   the space 12288K,  22% used [0x14500000, 0x147bbef8, 0x147bc000, 0x15100000)
No shared spaces configured.

Card table byte_map: [0x009e0000,0x00a90000] byte_map_base: 0x009bd800

Polling page: 0x00170000

Code Cache  [0x02500000, 0x025b0000, 0x04500000)
 total_blobs=191 nmethods=51 adapters=85 free_code_cache=32065Kb largest_free_block=32835136

Compilation events (10 events):
Event: 0.217 Thread 0x00bc8400   47             java.lang.Class$MethodArray::addIfNotPresent (47 bytes)
Event: 0.217 Thread 0x00bc8400 nmethod 47 0x025ac7c8 code [0x025ac8e0, 0x025aca18]
Event: 0.217 Thread 0x00bc8400   48             java.lang.reflect.Method::equals (107 bytes)
Event: 0.217 Thread 0x00bc8400 nmethod 48 0x025acb88 code [0x025acc90, 0x025ace50]
Event: 0.218 Thread 0x00bc8400   49   !         sun.misc.URLClassPath$JarLoader::getResource (91 bytes)
Event: 0.218 Thread 0x00bc8400 nmethod 49 0x025ad008 code [0x025ad1d0, 0x025ad70c]
Event: 4.685 Thread 0x00bc8400   50             java.util.Properties$LineReader::readLine (452 bytes)
Event: 4.686 Thread 0x00bc8400 nmethod 50 0x025add08 code [0x025adea0, 0x025ae6ac]
Event: 4.686 Thread 0x00bc8400   51             java.util.Properties::loadConvert (505 bytes)
Event: 4.687 Thread 0x00bc8400 nmethod 51 0x025aee48 code [0x025aef90, 0x025af418]

GC Heap History (0 events):
No events

Deoptimization events (0 events):
No events

Internal exceptions (10 events):
Event: 0.217 Thread 0x00b2c400 Threw 0x047b5728 at C:\jdk7u2_32P\jdk7u40\hotspot\src\share\vm\classfile\systemDictionary.cpp:185
Event: 0.218 Thread 0x00b2c400 Threw 0x047bd540 at C:\jdk7u2_32P\jdk7u40\hotspot\src\share\vm\prims\jvm.cpp:1244
Event: 4.681 Thread 0x00b2c400 Threw 0x047c3760 at C:\jdk7u2_32P\jdk7u40\hotspot\src\share\vm\prims\jni.cpp:743
Event: 4.681 Thread 0x00b2c400 Threw 0x047c3d08 at C:\jdk7u2_32P\jdk7u40\hotspot\src\share\vm\prims\jvm.cpp:1244
Event: 4.683 Thread 0x00b2c400 Threw 0x047cc608 at C:\jdk7u2_32P\jdk7u40\hotspot\src\share\vm\prims\jvm.cpp:1244
Event: 4.683 Thread 0x00b2c400 Threw 0x047cffc0 at C:\jdk7u2_32P\jdk7u40\hotspot\src\share\vm\prims\jvm.cpp:1244
Event: 4.684 Thread 0x00b2c400 Threw 0x047d1fb8 at C:\jdk7u2_32P\jdk7u40\hotspot\src\share\vm\prims\jvm.cpp:1244
Event: 4.684 Thread 0x00b2c400 Threw 0x047d39c0 at C:\jdk7u2_32P\jdk7u40\hotspot\src\share\vm\prims\jvm.cpp:1244
Event: 7.513 Thread 0x00b2c400 Threw 0x047df4e8 at C:\jdk7u2_32P\jdk7u40\hotspot\src\share\vm\prims\jni.cpp:743
Event: 12.122 Thread 0x00b2c400 Threw 0x047e1a40 at C:\jdk7u2_32P\jdk7u40\hotspot\src\share\vm\prims\jni.cpp:743

Events (10 events):
Event: 32.207 Executing VM operation: GetOrSetLocal
Event: 32.207 Executing VM operation: GetOrSetLocal done
Event: 32.207 Executing VM operation: GetOrSetLocal
Event: 32.207 Executing VM operation: GetOrSetLocal done
Event: 36.527 Executing VM operation: EnterInterpOnlyMode
Event: 36.527 Executing VM operation: EnterInterpOnlyMode done
Event: 36.527 Executing VM operation: GetCurrentLocation
Event: 36.527 Executing VM operation: GetCurrentLocation done
Event: 36.527 Executing VM operation: ChangeSingleStep
Event: 36.527 Executing VM operation: ChangeSingleStep done


Dynamic libraries:
0x00de0000 - 0x00e0f000 	C:\Program Files (x86)\Java\jre7\bin\javaw.exe
0x77a30000 - 0x77bb0000 	C:\Windows\SysWOW64\ntdll.dll
0x773f0000 - 0x77500000 	C:\Windows\syswow64\kernel32.dll
0x766d0000 - 0x76717000 	C:\Windows\syswow64\KERNELBASE.dll
0x77590000 - 0x77630000 	C:\Windows\syswow64\ADVAPI32.dll
0x76720000 - 0x767cc000 	C:\Windows\syswow64\msvcrt.dll
0x76eb0000 - 0x76ec9000 	C:\Windows\SysWOW64\sechost.dll
0x76ed0000 - 0x76fc0000 	C:\Windows\syswow64\RPCRT4.dll
0x75590000 - 0x755f0000 	C:\Windows\syswow64\SspiCli.dll
0x75580000 - 0x7558c000 	C:\Windows\syswow64\CRYPTBASE.dll
0x76c80000 - 0x76d80000 	C:\Windows\syswow64\USER32.dll
0x77500000 - 0x77590000 	C:\Windows\syswow64\GDI32.dll
0x75650000 - 0x7565a000 	C:\Windows\syswow64\LPK.dll
0x77180000 - 0x7721e000 	C:\Windows\syswow64\USP10.dll
0x71510000 - 0x716ae000 	C:\Windows\WinSxS\x86_microsoft.windows.common-controls_6595b64144ccf1df_6.0.7600.16661_none_420fe3fa2b8113bd\COMCTL32.dll
0x755f0000 - 0x75647000 	C:\Windows\syswow64\SHLWAPI.dll
0x765e0000 - 0x76640000 	C:\Windows\system32\IMM32.DLL
0x767d0000 - 0x7689c000 	C:\Windows\syswow64\MSCTF.dll
0x682f0000 - 0x683ae000 	C:\Program Files (x86)\Java\jre7\bin\msvcr100.dll
0x67a80000 - 0x67e00000 	C:\Program Files (x86)\Java\jre7\bin\client\jvm.dll
0x72e30000 - 0x72e37000 	C:\Windows\system32\WSOCK32.dll
0x76570000 - 0x765a5000 	C:\Windows\syswow64\WS2_32.dll
0x768a0000 - 0x768a6000 	C:\Windows\syswow64\NSI.dll
0x72920000 - 0x72952000 	C:\Windows\system32\WINMM.dll
0x76d80000 - 0x76d85000 	C:\Windows\syswow64\PSAPI.DLL
0x73940000 - 0x7394c000 	C:\Program Files (x86)\Java\jre7\bin\verify.dll
0x73920000 - 0x73940000 	C:\Program Files (x86)\Java\jre7\bin\java.dll
0x69910000 - 0x6993a000 	C:\Program Files (x86)\Java\jre7\bin\jdwp.dll
0x73c50000 - 0x73c57000 	C:\Program Files (x86)\Java\jre7\bin\npt.dll
0x698f0000 - 0x69903000 	C:\Program Files (x86)\Java\jre7\bin\zip.dll
0x73910000 - 0x73918000 	C:\Program Files (x86)\Java\jre7\bin\dt_socket.dll
0x72ff0000 - 0x73000000 	C:\Windows\system32\NLAapi.dll
0x72fb0000 - 0x72fec000 	C:\Windows\System32\mswsock.dll
0x72f60000 - 0x72fa4000 	C:\Windows\system32\DNSAPI.dll
0x72f50000 - 0x72f58000 	C:\Windows\System32\winrnr.dll
0x72f40000 - 0x72f50000 	C:\Windows\system32\napinsp.dll
0x72f20000 - 0x72f32000 	C:\Windows\system32\pnrpnsp.dll
0x72f00000 - 0x72f1c000 	C:\Windows\system32\IPHLPAPI.DLL
0x72ef0000 - 0x72ef7000 	C:\Windows\system32\WINNSI.DLL
0x72ea0000 - 0x72ed8000 	C:\Windows\System32\fwpuclnt.dll
0x72e90000 - 0x72e96000 	C:\Windows\system32\rasadhlp.dll
0x72e80000 - 0x72e85000 	C:\Windows\System32\wshtcpip.dll
0x19070000 - 0x190ec000 	C:\Users\cuki\Desktop\Workspace\Pivo\lib\JCustomOpc.dll
0x76640000 - 0x766cf000 	C:\Windows\syswow64\oleaut32.dll
0x76aa0000 - 0x76bfc000 	C:\Windows\syswow64\ole32.dll
0x754b0000 - 0x754b9000 	C:\Windows\system32\version.dll
0x698d0000 - 0x698e4000 	C:\Program Files (x86)\Java\jre7\bin\net.dll
0x74000000 - 0x74006000 	C:\Windows\System32\wship6.dll
0x716b0000 - 0x716bf000 	C:\Program Files (x86)\Java\jre7\bin\nio.dll
0x768b0000 - 0x76933000 	C:\Windows\syswow64\CLBCatQ.DLL
0x730f0000 - 0x73106000 	C:\Windows\system32\CRYPTSP.dll
0x730b0000 - 0x730eb000 	C:\Windows\system32\rsaenh.dll
0x752a0000 - 0x752ae000 	C:\Windows\system32\RpcRtRemote.dll
0x00510000 - 0x0052a000 	C:\Windows\SysWOW64\opcproxy.dll
0x71410000 - 0x714fb000 	C:\Windows\system32\dbghelp.dll

VM Arguments:
jvm_args: -agentlib:jdwp=transport=dt_socket,suspend=y,address=localhost:49822 -Dfile.encoding=Cp1252 
java_command: cuki.Teste
Launcher Type: SUN_STANDARD

Environment Variables:
PATH=C:\Windows\system32;C:\Windows;C:\Windows\System32\Wbem;C:\Windows\System32\WindowsPowerShell\v1.0\;C:\PICC
USERNAME=cuki
OS=Windows_NT
PROCESSOR_IDENTIFIER=Intel64 Family 6 Model 42 Stepping 7, GenuineIntel



---------------  S Y S T E M  ---------------

OS: Windows 7 , 64 bit Build 7600 

CPU:total 4 (4 cores per cpu, 1 threads per core) family 6 model 42 stepping 7, cmov, cx8, fxsr, mmx, sse, sse2, sse3, ssse3, sse4.1, sse4.2, popcnt, aes, tsc, tscinvbit

Memory: 4k page, physical 4080448k(2130168k free), swap 8158988k(6199612k free)

vm_info: Java HotSpot(TM) Client VM (24.0-b56) for windows-x86 JRE (1.7.0_40-b43), built on Aug 26 2013 22:34:40 by "java_re" with unknown MS VC++:1600

time: Mon Oct 14 15:31:28 2013
elapsed time: 38 seconds

