#
# A fatal error has been detected by the Java Runtime Environment:
#
#  Internal Error (0xeedfade), pid=1584, tid=372
#
# JRE version: Java(TM) SE Runtime Environment (7.0_40-b43) (build 1.7.0_40-b43)
# Java VM: Java HotSpot(TM) Client VM (24.0-b56 mixed mode, sharing windows-x86 )
# Problematic frame:
# C  [KERNELBASE.dll+0xc41f]
#
# Failed to write core dump. Minidumps are not enabled by default on client versions of Windows
#
# If you would like to submit a bug report, please visit:
#   http://bugreport.sun.com/bugreport/crash.jsp
# The crash happened outside the Java Virtual Machine in native code.
# See problematic frame for where to report the bug.
#

---------------  T H R E A D  ---------------

Current thread (0x003ab800):  JavaThread "main" [_thread_in_native, id=372, stack(0x00930000,0x00980000)]

siginfo: ExceptionCode=0xeedfade, ExceptionInformation=0x0468e4cc 0x04cc2c30 0x0000000a 0x00000100 0x00000000 0x0097f608 0x0097f5d8 

Registers:
EAX=0x0097f554, EBX=0x0000000a, ECX=0x00000007, EDX=0x00000000
ESP=0x0097f554, EBP=0x0097f5a4, ESI=0x00000100, EDI=0x00000000
EIP=0x766dc41f, EFLAGS=0x00000212

Top of Stack: (sp=0x0097f554)
0x0097f554:   0eedfade 00000001 00000000 766dc41f
0x0097f564:   00000007 0468e4cc 04cc2c30 0000000a
0x0097f574:   00000100 00000000 0097f608 0097f5d8
0x0097f584:   0097f5a8 04683557 0097f5a0 04cc2c30
0x0097f594:   04cc2bf4 00000001 04cc2c30 0097f5c8
0x0097f5a4:   0097f608 0468e4cc 0eedfade 00000001
0x0097f5b4:   00000007 0097f5bc 0468e4cc 04cc2c30
0x0097f5c4:   0000000a 00000100 00000000 0097f608 

Instructions: (pc=0x766dc41f)
0x766dc3ff:   02 50 ff 75 14 8d 45 c4 50 e8 15 ad 02 00 83 c4
0x766dc40f:   0c eb 03 89 45 c0 8d 45 b0 50 ff 15 5c 11 6d 76
0x766dc41f:   c9 c2 10 00 cc cc cc cc cc 8b ff 55 8b ec 56 8b
0x766dc42f:   75 08 83 fe f4 72 18 83 fe f6 77 13 8d 45 08 50 


Register to memory mapping:

EAX=0x0097f554 is pointing into the stack for thread: 0x003ab800
EBX=0x0000000a is an unknown value
ECX=0x00000007 is an unknown value
EDX=0x00000000 is an unknown value
ESP=0x0097f554 is pointing into the stack for thread: 0x003ab800
EBP=0x0097f5a4 is pointing into the stack for thread: 0x003ab800
ESI=0x00000100 is an unknown value
EDI=0x00000000 is an unknown value


Stack: [0x00930000,0x00980000],  sp=0x0097f554,  free space=317k
Native frames: (J=compiled Java code, j=interpreted, Vv=VM code, C=native code)
C  [KERNELBASE.dll+0xc41f]
C  [JCustomOpc.dll+0xe4cc]
C  [JCustomOpc.dll+0xe8b7]
C  [JCustomOpc.dll+0x12463]
C  [JCustomOpc.dll+0x13659]
C  [JCustomOpc.dll+0x63139]
C  [JCustomOpc.dll+0x658ab]
j  javafish.clients.opc.browser.JOpcBrowser.getOpcItemsNative(Ljava/lang/String;Z)[Ljava/lang/String;+0
j  javafish.clients.opc.browser.JOpcBrowser.getOpcItems(Ljava/lang/String;Z)[Ljava/lang/String;+3
j  cuki.bin.OpcConn.getIten(Ljava/lang/String;)[Ljava/lang/String;+8
j  cuki.bin.OpcConn._getAllBranches(Ljava/lang/String;Ljava/lang/String;)V+101
j  cuki.bin.OpcConn._getAllBranches(Ljava/lang/String;Ljava/lang/String;)V+51
j  cuki.bin.OpcConn._getAllBranches(Ljava/lang/String;Ljava/lang/String;)V+51
j  cuki.bin.OpcConn.getAllBranches()V+4
j  cuki.Teste.main([Ljava/lang/String;)V+21
v  ~StubRoutines::call_stub
V  [jvm.dll+0x13ee1a]
V  [jvm.dll+0x20283e]
V  [jvm.dll+0x13ee9d]
V  [jvm.dll+0xc96e5]
V  [jvm.dll+0xd4387]
C  [javaw.exe+0x2070]
C  [javaw.exe+0xa5b1]
C  [javaw.exe+0xa63b]
C  [kernel32.dll+0x13677]
C  [ntdll.dll+0x39f42]
C  [ntdll.dll+0x39f15]

Java frames: (J=compiled Java code, j=interpreted, Vv=VM code)
j  javafish.clients.opc.browser.JOpcBrowser.getOpcItemsNative(Ljava/lang/String;Z)[Ljava/lang/String;+0
j  javafish.clients.opc.browser.JOpcBrowser.getOpcItems(Ljava/lang/String;Z)[Ljava/lang/String;+3
j  cuki.bin.OpcConn.getIten(Ljava/lang/String;)[Ljava/lang/String;+8
j  cuki.bin.OpcConn._getAllBranches(Ljava/lang/String;Ljava/lang/String;)V+101
j  cuki.bin.OpcConn._getAllBranches(Ljava/lang/String;Ljava/lang/String;)V+51
j  cuki.bin.OpcConn._getAllBranches(Ljava/lang/String;Ljava/lang/String;)V+51
j  cuki.bin.OpcConn.getAllBranches()V+4
j  cuki.Teste.main([Ljava/lang/String;)V+21
v  ~StubRoutines::call_stub

---------------  P R O C E S S  ---------------

Java Threads: ( => current thread )
  0x008cc800 JavaThread "Service Thread" daemon [_thread_blocked, id=2320, stack(0x04950000,0x049a0000)]
  0x008c3c00 JavaThread "C1 CompilerThread0" daemon [_thread_blocked, id=1536, stack(0x048e0000,0x04930000)]
  0x008c2800 JavaThread "Attach Listener" daemon [_thread_blocked, id=2188, stack(0x043e0000,0x04430000)]
  0x008bf400 JavaThread "Signal Dispatcher" daemon [_thread_blocked, id=2844, stack(0x04800000,0x04850000)]
  0x0084f000 JavaThread "Finalizer" daemon [_thread_blocked, id=2176, stack(0x04710000,0x04760000)]
  0x0084d800 JavaThread "Reference Handler" daemon [_thread_blocked, id=1560, stack(0x04500000,0x04550000)]
=>0x003ab800 JavaThread "main" [_thread_in_native, id=372, stack(0x00930000,0x00980000)]

Other Threads:
  0x0084b400 VMThread [stack: 0x044a0000,0x044f0000] [id=2412]
  0x008dd800 WatcherThread [stack: 0x04a70000,0x04ac0000] [id=3948]

VM state:not at safepoint (normal execution)

VM Mutex/Monitor currently owned by a thread: None

Heap
 def new generation   total 4928K, used 2685K [0x24200000, 0x24750000, 0x29750000)
  eden space 4416K,  60% used [0x24200000, 0x2449f5f0, 0x24650000)
  from space 512K,   0% used [0x24650000, 0x24650000, 0x246d0000)
  to   space 512K,   0% used [0x246d0000, 0x246d0000, 0x24750000)
 tenured generation   total 10944K, used 0K [0x29750000, 0x2a200000, 0x34200000)
   the space 10944K,   0% used [0x29750000, 0x29750000, 0x29750200, 0x2a200000)
 compacting perm gen  total 12288K, used 748K [0x34200000, 0x34e00000, 0x38200000)
   the space 12288K,   6% used [0x34200000, 0x342bb228, 0x342bb400, 0x34e00000)
    ro space 10240K,  41% used [0x38200000, 0x386316b0, 0x38631800, 0x38c00000)
    rw space 12288K,  52% used [0x38c00000, 0x392459f0, 0x39245a00, 0x39800000)

Card table byte_map: [0x00af0000,0x00ba0000] byte_map_base: 0x009cf000

Polling page: 0x00190000

Code Cache  [0x02340000, 0x023f0000, 0x04340000)
 total_blobs=199 nmethods=51 adapters=85 free_code_cache=32078Kb largest_free_block=32848704

Compilation events (10 events):
Event: 0.250 Thread 0x008c3c00   47             java.lang.Class$MethodArray::addIfNotPresent (47 bytes)
Event: 0.250 Thread 0x008c3c00 nmethod 47 0x023e9548 code [0x023e9660, 0x023e9788]
Event: 0.250 Thread 0x008c3c00   48             java.lang.reflect.Method::equals (107 bytes)
Event: 0.250 Thread 0x008c3c00 nmethod 48 0x023e98c8 code [0x023e99d0, 0x023e9b80]
Event: 0.251 Thread 0x008c3c00   49   !         sun.misc.URLClassPath$JarLoader::getResource (91 bytes)
Event: 0.251 Thread 0x008c3c00 nmethod 49 0x023e9d08 code [0x023e9ec0, 0x023ea41c]
Event: 0.573 Thread 0x008c3c00   50             java.util.Properties$LineReader::readLine (452 bytes)
Event: 0.575 Thread 0x008c3c00 nmethod 50 0x023ea988 code [0x023eab20, 0x023eb32c]
Event: 0.575 Thread 0x008c3c00   51             java.util.Properties::loadConvert (505 bytes)
Event: 0.575 Thread 0x008c3c00 nmethod 51 0x023eba48 code [0x023ebb90, 0x023ebfb8]

GC Heap History (0 events):
No events

Deoptimization events (0 events):
No events

Internal exceptions (10 events):
Event: 0.250 Thread 0x003ab800 Threw 0x2446bc40 at C:\jdk7u2_32P\jdk7u40\hotspot\src\share\vm\classfile\systemDictionary.cpp:185
Event: 0.251 Thread 0x003ab800 Threw 0x24473a58 at C:\jdk7u2_32P\jdk7u40\hotspot\src\share\vm\prims\jvm.cpp:1244
Event: 0.565 Thread 0x003ab800 Threw 0x24479b20 at C:\jdk7u2_32P\jdk7u40\hotspot\src\share\vm\prims\jni.cpp:743
Event: 0.566 Thread 0x003ab800 Threw 0x2447a0c8 at C:\jdk7u2_32P\jdk7u40\hotspot\src\share\vm\prims\jvm.cpp:1244
Event: 0.569 Thread 0x003ab800 Threw 0x244849a8 at C:\jdk7u2_32P\jdk7u40\hotspot\src\share\vm\prims\jvm.cpp:1244
Event: 0.569 Thread 0x003ab800 Threw 0x24486300 at C:\jdk7u2_32P\jdk7u40\hotspot\src\share\vm\prims\jvm.cpp:1244
Event: 0.570 Thread 0x003ab800 Threw 0x24488250 at C:\jdk7u2_32P\jdk7u40\hotspot\src\share\vm\prims\jvm.cpp:1244
Event: 0.570 Thread 0x003ab800 Threw 0x24489cb8 at C:\jdk7u2_32P\jdk7u40\hotspot\src\share\vm\prims\jvm.cpp:1244
Event: 2.683 Thread 0x003ab800 Threw 0x24495770 at C:\jdk7u2_32P\jdk7u40\hotspot\src\share\vm\prims\jni.cpp:743
Event: 4.790 Thread 0x003ab800 Threw 0x24498108 at C:\jdk7u2_32P\jdk7u40\hotspot\src\share\vm\prims\jni.cpp:743

Events (10 events):
Event: 0.251 loading class 0x04b1f3b0
Event: 0.251 loading class 0x04b1f3b0 done
Event: 0.566 loading class 0x008345e0
Event: 0.566 loading class 0x008345e0 done
Event: 0.569 loading class 0x04b35650
Event: 0.569 loading class 0x04b35650 done
Event: 0.570 loading class 0x04b35688
Event: 0.570 loading class 0x04b35688 done
Event: 4.177 Executing VM operation: EnableBiasedLocking
Event: 4.177 Executing VM operation: EnableBiasedLocking done


Dynamic libraries:
0x00c20000 - 0x00c4f000 	C:\Program Files (x86)\Java\jre7\bin\javaw.exe
0x77a30000 - 0x77bb0000 	C:\Windows\SysWOW64\ntdll.dll
0x773f0000 - 0x77500000 	C:\Windows\syswow64\kernel32.dll
0x766d0000 - 0x76717000 	C:\Windows\syswow64\KERNELBASE.dll
0x77590000 - 0x77630000 	C:\Windows\syswow64\ADVAPI32.dll
0x76720000 - 0x767cc000 	C:\Windows\syswow64\msvcrt.dll
0x76eb0000 - 0x76ec9000 	C:\Windows\SysWOW64\sechost.dll
0x76ed0000 - 0x76fc0000 	C:\Windows\syswow64\RPCRT4.dll
0x75590000 - 0x755f0000 	C:\Windows\syswow64\SspiCli.dll
0x75580000 - 0x7558c000 	C:\Windows\syswow64\CRYPTBASE.dll
0x76c80000 - 0x76d80000 	C:\Windows\syswow64\USER32.dll
0x77500000 - 0x77590000 	C:\Windows\syswow64\GDI32.dll
0x75650000 - 0x7565a000 	C:\Windows\syswow64\LPK.dll
0x77180000 - 0x7721e000 	C:\Windows\syswow64\USP10.dll
0x71510000 - 0x716ae000 	C:\Windows\WinSxS\x86_microsoft.windows.common-controls_6595b64144ccf1df_6.0.7600.16661_none_420fe3fa2b8113bd\COMCTL32.dll
0x755f0000 - 0x75647000 	C:\Windows\syswow64\SHLWAPI.dll
0x765e0000 - 0x76640000 	C:\Windows\system32\IMM32.DLL
0x767d0000 - 0x7689c000 	C:\Windows\syswow64\MSCTF.dll
0x682f0000 - 0x683ae000 	C:\Program Files (x86)\Java\jre7\bin\msvcr100.dll
0x67a80000 - 0x67e00000 	C:\Program Files (x86)\Java\jre7\bin\client\jvm.dll
0x72e30000 - 0x72e37000 	C:\Windows\system32\WSOCK32.dll
0x76570000 - 0x765a5000 	C:\Windows\syswow64\WS2_32.dll
0x768a0000 - 0x768a6000 	C:\Windows\syswow64\NSI.dll
0x72920000 - 0x72952000 	C:\Windows\system32\WINMM.dll
0x76d80000 - 0x76d85000 	C:\Windows\syswow64\PSAPI.DLL
0x73940000 - 0x7394c000 	C:\Program Files (x86)\Java\jre7\bin\verify.dll
0x73920000 - 0x73940000 	C:\Program Files (x86)\Java\jre7\bin\java.dll
0x69920000 - 0x69933000 	C:\Program Files (x86)\Java\jre7\bin\zip.dll
0x04680000 - 0x046fc000 	C:\Users\cuki\Desktop\Workspace\Pivo\lib\JCustomOpc.dll
0x76640000 - 0x766cf000 	C:\Windows\syswow64\oleaut32.dll
0x76aa0000 - 0x76bfc000 	C:\Windows\syswow64\ole32.dll
0x754b0000 - 0x754b9000 	C:\Windows\system32\version.dll
0x69900000 - 0x69914000 	C:\Program Files (x86)\Java\jre7\bin\net.dll
0x72fb0000 - 0x72fec000 	C:\Windows\system32\mswsock.dll
0x74000000 - 0x74006000 	C:\Windows\System32\wship6.dll
0x73c50000 - 0x73c5f000 	C:\Program Files (x86)\Java\jre7\bin\nio.dll
0x768b0000 - 0x76933000 	C:\Windows\syswow64\CLBCatQ.DLL
0x730f0000 - 0x73106000 	C:\Windows\system32\CRYPTSP.dll
0x730b0000 - 0x730eb000 	C:\Windows\system32\rsaenh.dll
0x752a0000 - 0x752ae000 	C:\Windows\system32\RpcRtRemote.dll
0x10000000 - 0x1001a000 	C:\Windows\SysWOW64\opcproxy.dll
0x71410000 - 0x714fb000 	C:\Windows\system32\dbghelp.dll

VM Arguments:
jvm_args: -Dfile.encoding=Cp1252 
java_command: cuki.Teste
Launcher Type: SUN_STANDARD

Environment Variables:
PATH=C:\Windows\system32;C:\Windows;C:\Windows\System32\Wbem;C:\Windows\System32\WindowsPowerShell\v1.0\;C:\PICC
USERNAME=cuki
OS=Windows_NT
PROCESSOR_IDENTIFIER=Intel64 Family 6 Model 42 Stepping 7, GenuineIntel



---------------  S Y S T E M  ---------------

OS: Windows 7 , 64 bit Build 7600 

CPU:total 4 (4 cores per cpu, 1 threads per core) family 6 model 42 stepping 7, cmov, cx8, fxsr, mmx, sse, sse2, sse3, ssse3, sse4.1, sse4.2, popcnt, aes, tsc, tscinvbit

Memory: 4k page, physical 4080448k(2112796k free), swap 8158988k(6190096k free)

vm_info: Java HotSpot(TM) Client VM (24.0-b56) for windows-x86 JRE (1.7.0_40-b43), built on Aug 26 2013 22:34:40 by "java_re" with unknown MS VC++:1600

time: Mon Oct 14 15:29:29 2013
elapsed time: 6 seconds

